2025-10-16 14:39:21.040 | INFO     | myoconverter.O2MPipeline:O2MPipeline:52 - Start the conversion pipeline for : scaled_model
2025-10-16 14:39:21.040 | INFO     | myoconverter.O2MPipeline:coordinate_kwargs:75 - Coordinate the input configurations, remove conflicts.
2025-10-16 14:39:21.040 | INFO     | myoconverter.O2MPipeline:coordinate_kwargs:86 -    Checking configurations for step 2 conversion.
2025-10-16 14:39:21.040 | INFO     | myoconverter.O2MPipeline:coordinate_kwargs:103 -        All good now.
2025-10-16 14:39:21.040 | INFO     | myoconverter.conversion_steps.O2MSteps:__init__:84 - Given OpenSim model file: /home/mobl/Documents/Classwork/BioSimClass/ConvertOpenSimToMJX/scaled_model.osim
2025-10-16 14:39:21.040 | INFO     | myoconverter.conversion_steps.O2MSteps:__init__:85 - Reading mesh files from folder /home/mobl/Documents/Classwork/BioSimClass/ConvertOpenSimToMJX/Geometry
2025-10-16 14:39:21.040 | INFO     | myoconverter.conversion_steps.O2MSteps:__init__:86 - Converted model will be saved in folder /home/mobl/Documents/Classwork/BioSimClass/ConvertOpenSimToMJX/Results
2025-10-16 14:39:21.040 | INFO     | myoconverter.conversion_steps.O2MSteps:PipelineExecution:124 - Started step 1 conversion - cvt1.
2025-10-16 14:39:21.159 | INFO     | myoconverter.xml.converter:convert:40 - Commencing the conversion procedure!
2025-10-16 14:39:21.159 | INFO     | myoconverter.xml.converter:_parse_ground:138 - Parsing the ground
2025-10-16 14:39:21.159 | INFO     | myoconverter.xml.parsers:parse:59 - [BodyParser: Ground] ground
2025-10-16 14:39:21.159 | INFO     | myoconverter.xml.converter:_parse_constraints:147 - Starting to parse constraints
2025-10-16 14:39:21.159 | INFO     | myoconverter.xml.parsers:parse:59 - [ConstraintParser: CoordinateCouplerConstraint] patellofemoral_knee_angle_r_con
2025-10-16 14:39:21.160 | INFO     | myoconverter.xml.parsers:parse:59 - [ConstraintParser: CoordinateCouplerConstraint] patellofemoral_knee_angle_l_con
2025-10-16 14:39:21.160 | INFO     | myoconverter.xml.converter:_parse_bodies_and_joints:80 - Starting to parse bodies, wrapping objects, and joints
2025-10-16 14:39:21.160 | INFO     | myoconverter.xml.parsers:parse:59 - [BodyParser: Body] pelvis
2025-10-16 14:39:21.174 | INFO     | myoconverter.xml.parsers:parse:59 - [WrapObjectParser: WrapCylinder] Gmax1_at_pelvis_r
2025-10-16 14:39:21.174 | INFO     | myoconverter.xml.parsers:parse:59 - [WrapObjectParser: WrapCylinder] Gmax2_at_pelvis_r
2025-10-16 14:39:21.174 | INFO     | myoconverter.xml.parsers:parse:59 - [WrapObjectParser: WrapCylinder] Gmax3_at_pelvis_r
2025-10-16 14:39:21.174 | INFO     | myoconverter.xml.parsers:parse:59 - [WrapObjectParser: WrapCylinder] Gmax1_at_pelvis_l
2025-10-16 14:39:21.174 | INFO     | myoconverter.xml.parsers:parse:59 - [WrapObjectParser: WrapCylinder] Gmax2_at_pelvis_l
2025-10-16 14:39:21.174 | INFO     | myoconverter.xml.parsers:parse:59 - [WrapObjectParser: WrapCylinder] Gmax3_at_pelvis_l
2025-10-16 14:39:21.174 | INFO     | myoconverter.xml.parsers:parse:59 - [WrapObjectParser: WrapCylinder] PS_at_brim_r
2025-10-16 14:39:21.174 | INFO     | myoconverter.xml.parsers:parse:59 - [WrapObjectParser: WrapCylinder] PS_at_brim_l
2025-10-16 14:39:21.174 | INFO     | myoconverter.xml.parsers:parse:59 - [WrapObjectParser: WrapCylinder] IL_at_brim_r
2025-10-16 14:39:21.175 | INFO     | myoconverter.xml.parsers:parse:59 - [WrapObjectParser: WrapCylinder] IL_at_brim_l
2025-10-16 14:39:21.175 | INFO     | myoconverter.xml.parsers:parse:59 - [JointParser: CustomJoint] ground_pelvis
2025-10-16 14:39:21.175 | INFO     | myoconverter.xml.parsers:parse:59 - [BodyParser: Body] femur_r
2025-10-16 14:39:21.178 | INFO     | myoconverter.xml.parsers:parse:59 - [WrapObjectParser: WrapCylinder] Gastroc_at_condyles_r
2025-10-16 14:39:21.178 | INFO     | myoconverter.xml.parsers:parse:59 - [WrapObjectParser: WrapCylinder] KnExt_at_fem_r
2025-10-16 14:39:21.178 | INFO     | myoconverter.xml.parsers:parse:59 - [WrapObjectParser: WrapCylinder] AB_at_femshaft_r
2025-10-16 14:39:21.178 | INFO     | myoconverter.xml.parsers:parse:59 - [WrapObjectParser: WrapCylinder] AL_at_femshaft_r
2025-10-16 14:39:21.178 | INFO     | myoconverter.xml.parsers:parse:59 - [WrapObjectParser: WrapCylinder] AMprox_at_femshaft_r
2025-10-16 14:39:21.178 | INFO     | myoconverter.xml.parsers:parse:59 - [WrapObjectParser: WrapCylinder] AMmid_at_femshaft_r
2025-10-16 14:39:21.178 | INFO     | myoconverter.xml.parsers:parse:59 - [WrapObjectParser: WrapCylinder] AMdist_at_femshaft_r
2025-10-16 14:39:21.178 | INFO     | myoconverter.xml.parsers:parse:59 - [WrapObjectParser: WrapCylinder] AMisch_at_condyles_r
2025-10-16 14:39:21.178 | INFO     | myoconverter.xml.parsers:parse:59 - [WrapObjectParser: WrapCylinder] PECT_at_femshaft_r
2025-10-16 14:39:21.179 | INFO     | myoconverter.xml.parsers:parse:59 - [JointParser: CustomJoint] hip_r
2025-10-16 14:39:21.179 | INFO     | myoconverter.xml.parsers:parse:59 - [BodyParser: Body] tibia_r
2025-10-16 14:39:21.183 | INFO     | myoconverter.xml.parsers:parse:59 - [WrapObjectParser: WrapCylinder] GasLat_at_shank_r
2025-10-16 14:39:21.183 | INFO     | myoconverter.xml.parsers:parse:59 - [WrapObjectParser: WrapCylinder] GasMed_at_shank_r
2025-10-16 14:39:21.183 | INFO     | myoconverter.xml.parsers:parse:59 - [WrapObjectParser: WrapCylinder] GR_at_condyles_r
2025-10-16 14:39:21.183 | INFO     | myoconverter.xml.parsers:parse:59 - [WrapObjectParser: WrapCylinder] SM_at_condyles_r
2025-10-16 14:39:21.183 | INFO     | myoconverter.xml.parsers:parse:59 - [WrapObjectParser: WrapCylinder] ST_at_condyles_r
2025-10-16 14:39:21.183 | INFO     | myoconverter.xml.parsers:parse:59 - [WrapObjectParser: WrapCylinder] BF_at_gastroc_r
2025-10-16 14:39:21.183 | INFO     | myoconverter.xml.parsers:parse:59 - [JointParser: CustomJoint] walker_knee_r
2025-10-16 14:39:21.357 | INFO     | myoconverter.xml.parsers:parse:59 - [BodyParser: Body] talus_r
2025-10-16 14:39:21.360 | WARNING  | myoconverter.xml.bodies.utils:get_rgba:94 - Setting mesh talus_r_geom_1 to invisible
2025-10-16 14:39:21.360 | INFO     | myoconverter.xml.parsers:parse:59 - [JointParser: PinJoint] ankle_r
2025-10-16 14:39:21.360 | INFO     | myoconverter.xml.parsers:parse:59 - [BodyParser: Body] calcn_r
2025-10-16 14:39:21.366 | INFO     | myoconverter.xml.parsers:parse:59 - [JointParser: PinJoint] subtalar_r
2025-10-16 14:39:21.366 | INFO     | myoconverter.xml.parsers:parse:59 - [BodyParser: Body] toes_r
2025-10-16 14:39:21.372 | INFO     | myoconverter.xml.parsers:parse:59 - [JointParser: PinJoint] mtp_r
2025-10-16 14:39:21.372 | INFO     | myoconverter.xml.parsers:parse:59 - [BodyParser: Body] patella_r
2025-10-16 14:39:21.374 | INFO     | myoconverter.xml.parsers:parse:59 - [JointParser: CustomJoint] patellofemoral_r
2025-10-16 14:39:21.505 | INFO     | myoconverter.xml.parsers:parse:59 - [BodyParser: Body] femur_l
2025-10-16 14:39:21.509 | INFO     | myoconverter.xml.parsers:parse:59 - [WrapObjectParser: WrapCylinder] Gastroc_at_condyles_l
2025-10-16 14:39:21.509 | INFO     | myoconverter.xml.parsers:parse:59 - [WrapObjectParser: WrapCylinder] KnExt_at_fem_l
2025-10-16 14:39:21.509 | INFO     | myoconverter.xml.parsers:parse:59 - [WrapObjectParser: WrapCylinder] AB_at_femshaft_l
2025-10-16 14:39:21.509 | INFO     | myoconverter.xml.parsers:parse:59 - [WrapObjectParser: WrapCylinder] AL_at_femshaft_l
2025-10-16 14:39:21.509 | INFO     | myoconverter.xml.parsers:parse:59 - [WrapObjectParser: WrapCylinder] AMprox_at_femshaft_l
2025-10-16 14:39:21.509 | INFO     | myoconverter.xml.parsers:parse:59 - [WrapObjectParser: WrapCylinder] AMmid_at_femshaft_l
2025-10-16 14:39:21.509 | INFO     | myoconverter.xml.parsers:parse:59 - [WrapObjectParser: WrapCylinder] AMdist_at_femshaft_l
2025-10-16 14:39:21.509 | INFO     | myoconverter.xml.parsers:parse:59 - [WrapObjectParser: WrapCylinder] AMisch_at_condyles_l
2025-10-16 14:39:21.509 | INFO     | myoconverter.xml.parsers:parse:59 - [WrapObjectParser: WrapCylinder] PECT_at_femshaft_l
2025-10-16 14:39:21.509 | INFO     | myoconverter.xml.parsers:parse:59 - [JointParser: CustomJoint] hip_l
2025-10-16 14:39:21.510 | INFO     | myoconverter.xml.parsers:parse:59 - [BodyParser: Body] tibia_l
2025-10-16 14:39:21.514 | INFO     | myoconverter.xml.parsers:parse:59 - [WrapObjectParser: WrapCylinder] GasLat_at_shank_l
2025-10-16 14:39:21.514 | INFO     | myoconverter.xml.parsers:parse:59 - [WrapObjectParser: WrapCylinder] GasMed_at_shank_l
2025-10-16 14:39:21.514 | INFO     | myoconverter.xml.parsers:parse:59 - [WrapObjectParser: WrapCylinder] GR_at_condyles_l
2025-10-16 14:39:21.514 | INFO     | myoconverter.xml.parsers:parse:59 - [WrapObjectParser: WrapCylinder] SM_at_condyles_l
2025-10-16 14:39:21.514 | INFO     | myoconverter.xml.parsers:parse:59 - [WrapObjectParser: WrapCylinder] ST_at_condyles_l
2025-10-16 14:39:21.514 | INFO     | myoconverter.xml.parsers:parse:59 - [WrapObjectParser: WrapCylinder] BF_at_gastroc_l
2025-10-16 14:39:21.514 | INFO     | myoconverter.xml.parsers:parse:59 - [JointParser: CustomJoint] walker_knee_l
2025-10-16 14:39:21.684 | INFO     | myoconverter.xml.parsers:parse:59 - [BodyParser: Body] talus_l
2025-10-16 14:39:21.686 | WARNING  | myoconverter.xml.bodies.utils:get_rgba:94 - Setting mesh talus_l_geom_1 to invisible
2025-10-16 14:39:21.686 | INFO     | myoconverter.xml.parsers:parse:59 - [JointParser: PinJoint] ankle_l
2025-10-16 14:39:21.687 | INFO     | myoconverter.xml.parsers:parse:59 - [BodyParser: Body] calcn_l
2025-10-16 14:39:21.692 | INFO     | myoconverter.xml.parsers:parse:59 - [JointParser: PinJoint] subtalar_l
2025-10-16 14:39:21.692 | INFO     | myoconverter.xml.parsers:parse:59 - [BodyParser: Body] toes_l
2025-10-16 14:39:21.698 | INFO     | myoconverter.xml.parsers:parse:59 - [JointParser: PinJoint] mtp_l
2025-10-16 14:39:21.698 | INFO     | myoconverter.xml.parsers:parse:59 - [BodyParser: Body] patella_l
2025-10-16 14:39:21.700 | INFO     | myoconverter.xml.parsers:parse:59 - [JointParser: CustomJoint] patellofemoral_l
2025-10-16 14:39:21.831 | INFO     | myoconverter.xml.parsers:parse:59 - [BodyParser: Body] torso
2025-10-16 14:39:22.370 | INFO     | myoconverter.xml.parsers:parse:59 - [JointParser: CustomJoint] back
2025-10-16 14:39:22.371 | INFO     | myoconverter.xml.converter:_parse_forces:156 - Starting to parse forces, including path points and wrap paths
2025-10-16 14:39:22.371 | INFO     | myoconverter.xml.parsers:parse:59 - [ForceParser: Millard2012EquilibriumMuscle] addbrev_r
2025-10-16 14:39:22.371 | INFO     | myoconverter.xml.parsers:parse:59 - [PathPointParser: PathPoint] addbrev_r-P1
2025-10-16 14:39:22.371 | INFO     | myoconverter.xml.parsers:parse:59 - [PathPointParser: PathPoint] addbrev_r-P2
2025-10-16 14:39:22.371 | INFO     | myoconverter.xml.parsers:parse:59 - [PathWrapSetParser: PathWrapSet] 
2025-10-16 14:39:22.371 | INFO     | myoconverter.xml.parsers:parse:59 - [PathWrapParser: PathWrap] pathwrap
2025-10-16 14:39:22.372 | INFO     | myoconverter.xml.parsers:parse:59 - [ForceParser: Millard2012EquilibriumMuscle] addlong_r
2025-10-16 14:39:22.372 | INFO     | myoconverter.xml.parsers:parse:59 - [PathPointParser: PathPoint] addlong_r-P1
2025-10-16 14:39:22.372 | INFO     | myoconverter.xml.parsers:parse:59 - [PathPointParser: PathPoint] addlong_r-P2
2025-10-16 14:39:22.372 | INFO     | myoconverter.xml.parsers:parse:59 - [PathWrapSetParser: PathWrapSet] 
2025-10-16 14:39:22.372 | INFO     | myoconverter.xml.parsers:parse:59 - [PathWrapParser: PathWrap] pathwrap
2025-10-16 14:39:22.372 | INFO     | myoconverter.xml.parsers:parse:59 - [ForceParser: Millard2012EquilibriumMuscle] addmagDist_r
2025-10-16 14:39:22.373 | INFO     | myoconverter.xml.parsers:parse:59 - [PathPointParser: PathPoint] addmagDist_r-P1
2025-10-16 14:39:22.373 | INFO     | myoconverter.xml.parsers:parse:59 - [PathPointParser: PathPoint] addmagDist_r-P2
2025-10-16 14:39:22.373 | INFO     | myoconverter.xml.parsers:parse:59 - [PathWrapSetParser: PathWrapSet] 
2025-10-16 14:39:22.373 | INFO     | myoconverter.xml.parsers:parse:59 - [PathWrapParser: PathWrap] pathwrap
2025-10-16 14:39:22.373 | INFO     | myoconverter.xml.parsers:parse:59 - [ForceParser: Millard2012EquilibriumMuscle] addmagIsch_r
2025-10-16 14:39:22.373 | INFO     | myoconverter.xml.parsers:parse:59 - [PathPointParser: PathPoint] addmagIsch_r-P1
2025-10-16 14:39:22.373 | INFO     | myoconverter.xml.parsers:parse:59 - [PathPointParser: PathPoint] addmagIsch_r-P2
2025-10-16 14:39:22.373 | INFO     | myoconverter.xml.parsers:parse:59 - [PathWrapSetParser: PathWrapSet] 
2025-10-16 14:39:22.374 | INFO     | myoconverter.xml.parsers:parse:59 - [PathWrapParser: PathWrap] pathwrap
2025-10-16 14:39:22.374 | INFO     | myoconverter.xml.parsers:parse:59 - [ForceParser: Millard2012EquilibriumMuscle] addmagMid_r
2025-10-16 14:39:22.374 | INFO     | myoconverter.xml.parsers:parse:59 - [PathPointParser: PathPoint] addmagMid_r-P1
2025-10-16 14:39:22.374 | INFO     | myoconverter.xml.parsers:parse:59 - [PathPointParser: PathPoint] addmagMid_r-P2
2025-10-16 14:39:22.374 | INFO     | myoconverter.xml.parsers:parse:59 - [PathWrapSetParser: PathWrapSet] 
2025-10-16 14:39:22.374 | INFO     | myoconverter.xml.parsers:parse:59 - [PathWrapParser: PathWrap] pathwrap
2025-10-16 14:39:22.375 | INFO     | myoconverter.xml.parsers:parse:59 - [ForceParser: Millard2012EquilibriumMuscle] addmagProx_r
2025-10-16 14:39:22.375 | INFO     | myoconverter.xml.parsers:parse:59 - [PathPointParser: PathPoint] addmagProx_r-P1
2025-10-16 14:39:22.375 | INFO     | myoconverter.xml.parsers:parse:59 - [PathPointParser: PathPoint] addmagProx_r-P2
2025-10-16 14:39:22.375 | INFO     | myoconverter.xml.parsers:parse:59 - [PathWrapSetParser: PathWrapSet] 
2025-10-16 14:39:22.375 | INFO     | myoconverter.xml.parsers:parse:59 - [PathWrapParser: PathWrap] pathwrap
2025-10-16 14:39:22.375 | INFO     | myoconverter.xml.parsers:parse:59 - [ForceParser: Millard2012EquilibriumMuscle] bflh_r
2025-10-16 14:39:22.376 | INFO     | myoconverter.xml.parsers:parse:59 - [PathPointParser: PathPoint] bflh_r-P1
2025-10-16 14:39:22.376 | INFO     | myoconverter.xml.parsers:parse:59 - [PathPointParser: PathPoint] bflh_r-P2
2025-10-16 14:39:22.376 | INFO     | myoconverter.xml.parsers:parse:59 - [PathPointParser: PathPoint] bflh_r-P3
2025-10-16 14:39:22.376 | INFO     | myoconverter.xml.parsers:parse:59 - [PathWrapSetParser: PathWrapSet] 
2025-10-16 14:39:22.376 | INFO     | myoconverter.xml.parsers:parse:59 - [ForceParser: Millard2012EquilibriumMuscle] bfsh_r
2025-10-16 14:39:22.376 | INFO     | myoconverter.xml.parsers:parse:59 - [PathPointParser: PathPoint] bfsh_r-P1
2025-10-16 14:39:22.376 | INFO     | myoconverter.xml.parsers:parse:59 - [PathPointParser: PathPoint] bfsh_r-P2
2025-10-16 14:39:22.376 | INFO     | myoconverter.xml.parsers:parse:59 - [PathWrapSetParser: PathWrapSet] 
2025-10-16 14:39:22.376 | INFO     | myoconverter.xml.parsers:parse:59 - [PathWrapParser: PathWrap] pathwrap
2025-10-16 14:39:22.377 | INFO     | myoconverter.xml.parsers:parse:59 - [ForceParser: Millard2012EquilibriumMuscle] edl_r
2025-10-16 14:39:22.377 | INFO     | myoconverter.xml.parsers:parse:59 - [PathPointParser: PathPoint] edl_r-P1
2025-10-16 14:39:22.377 | INFO     | myoconverter.xml.parsers:parse:59 - [PathPointParser: PathPoint] edl_r-P2
2025-10-16 14:39:22.377 | INFO     | myoconverter.xml.parsers:parse:59 - [PathPointParser: PathPoint] edl_r-P3
2025-10-16 14:39:22.377 | INFO     | myoconverter.xml.parsers:parse:59 - [PathPointParser: PathPoint] edl_r-P4
2025-10-16 14:39:22.377 | INFO     | myoconverter.xml.parsers:parse:59 - [PathPointParser: PathPoint] edl_r-P5
2025-10-16 14:39:22.377 | INFO     | myoconverter.xml.parsers:parse:59 - [PathPointParser: PathPoint] edl_r-P6
2025-10-16 14:39:22.377 | INFO     | myoconverter.xml.parsers:parse:59 - [PathWrapSetParser: PathWrapSet] 
2025-10-16 14:39:22.377 | INFO     | myoconverter.xml.parsers:parse:59 - [ForceParser: Millard2012EquilibriumMuscle] ehl_r
2025-10-16 14:39:22.377 | INFO     | myoconverter.xml.parsers:parse:59 - [PathPointParser: PathPoint] ehl_r-P1
2025-10-16 14:39:22.377 | INFO     | myoconverter.xml.parsers:parse:59 - [PathPointParser: PathPoint] ehl_r-P2
2025-10-16 14:39:22.377 | INFO     | myoconverter.xml.parsers:parse:59 - [PathPointParser: PathPoint] ehl_r-P3
2025-10-16 14:39:22.377 | INFO     | myoconverter.xml.parsers:parse:59 - [PathPointParser: PathPoint] ehl_r-P4
2025-10-16 14:39:22.378 | INFO     | myoconverter.xml.parsers:parse:59 - [PathPointParser: PathPoint] ehl_r-P5
2025-10-16 14:39:22.378 | INFO     | myoconverter.xml.parsers:parse:59 - [PathPointParser: PathPoint] ehl_r-P6
2025-10-16 14:39:22.378 | INFO     | myoconverter.xml.parsers:parse:59 - [PathPointParser: PathPoint] ehl_r-P7
2025-10-16 14:39:22.378 | INFO     | myoconverter.xml.parsers:parse:59 - [PathPointParser: PathPoint] ehl_r-P8
2025-10-16 14:39:22.378 | INFO     | myoconverter.xml.parsers:parse:59 - [PathWrapSetParser: PathWrapSet] 
2025-10-16 14:39:22.378 | INFO     | myoconverter.xml.parsers:parse:59 - [ForceParser: Millard2012EquilibriumMuscle] fdl_r
2025-10-16 14:39:22.378 | INFO     | myoconverter.xml.parsers:parse:59 - [PathPointParser: PathPoint] fdl_r-P1
2025-10-16 14:39:22.378 | INFO     | myoconverter.xml.parsers:parse:59 - [PathPointParser: PathPoint] fdl_r-P2
2025-10-16 14:39:22.378 | INFO     | myoconverter.xml.parsers:parse:59 - [PathPointParser: PathPoint] fdl_r-P3
2025-10-16 14:39:22.378 | INFO     | myoconverter.xml.parsers:parse:59 - [PathPointParser: PathPoint] fdl_r-P4
2025-10-16 14:39:22.378 | INFO     | myoconverter.xml.parsers:parse:59 - [PathPointParser: PathPoint] fdl_r-P5
2025-10-16 14:39:22.378 | INFO     | myoconverter.xml.parsers:parse:59 - [PathPointParser: PathPoint] fdl_r-P6
2025-10-16 14:39:22.378 | INFO     | myoconverter.xml.parsers:parse:59 - [PathPointParser: PathPoint] fdl_r-P7
2025-10-16 14:39:22.378 | INFO     | myoconverter.xml.parsers:parse:59 - [PathPointParser: PathPoint] fdl_r-P8
2025-10-16 14:39:22.378 | INFO     | myoconverter.xml.parsers:parse:59 - [PathWrapSetParser: PathWrapSet] 
2025-10-16 14:39:22.378 | INFO     | myoconverter.xml.parsers:parse:59 - [ForceParser: Millard2012EquilibriumMuscle] fhl_r
2025-10-16 14:39:22.379 | INFO     | myoconverter.xml.parsers:parse:59 - [PathPointParser: PathPoint] fhl_r-P1
2025-10-16 14:39:22.379 | INFO     | myoconverter.xml.parsers:parse:59 - [PathPointParser: PathPoint] fhl_r-P2
2025-10-16 14:39:22.379 | INFO     | myoconverter.xml.parsers:parse:59 - [PathPointParser: PathPoint] fhl_r-P3
2025-10-16 14:39:22.379 | INFO     | myoconverter.xml.parsers:parse:59 - [PathPointParser: PathPoint] fhl_r-P4
2025-10-16 14:39:22.379 | INFO     | myoconverter.xml.parsers:parse:59 - [PathPointParser: PathPoint] fhl_r-P5
2025-10-16 14:39:22.379 | INFO     | myoconverter.xml.parsers:parse:59 - [PathPointParser: PathPoint] fhl_r-P6
2025-10-16 14:39:22.379 | INFO     | myoconverter.xml.parsers:parse:59 - [PathPointParser: PathPoint] fhl_r-P7
2025-10-16 14:39:22.379 | INFO     | myoconverter.xml.parsers:parse:59 - [PathWrapSetParser: PathWrapSet] 
2025-10-16 14:39:22.379 | INFO     | myoconverter.xml.parsers:parse:59 - [ForceParser: Millard2012EquilibriumMuscle] gaslat_r
2025-10-16 14:39:22.379 | INFO     | myoconverter.xml.parsers:parse:59 - [PathPointParser: PathPoint] gaslat_r-P1
2025-10-16 14:39:22.379 | INFO     | myoconverter.xml.parsers:parse:59 - [PathPointParser: PathPoint] gaslat_r-P2
2025-10-16 14:39:22.379 | INFO     | myoconverter.xml.parsers:parse:59 - [PathWrapSetParser: PathWrapSet] 
2025-10-16 14:39:22.379 | INFO     | myoconverter.xml.parsers:parse:59 - [PathWrapParser: PathWrap] pathwrap
2025-10-16 14:39:22.380 | INFO     | myoconverter.xml.parsers:parse:59 - [PathWrapParser: PathWrap] pathwrap_0
2025-10-16 14:39:22.380 | INFO     | myoconverter.xml.parsers:parse:59 - [ForceParser: Millard2012EquilibriumMuscle] gasmed_r
2025-10-16 14:39:22.380 | INFO     | myoconverter.xml.parsers:parse:59 - [PathPointParser: PathPoint] gasmed_r-P1
2025-10-16 14:39:22.380 | INFO     | myoconverter.xml.parsers:parse:59 - [PathPointParser: PathPoint] gasmed_r-P2
2025-10-16 14:39:22.380 | INFO     | myoconverter.xml.parsers:parse:59 - [PathWrapSetParser: PathWrapSet] 
2025-10-16 14:39:22.380 | INFO     | myoconverter.xml.parsers:parse:59 - [PathWrapParser: PathWrap] pathwrap
2025-10-16 14:39:22.381 | INFO     | myoconverter.xml.parsers:parse:59 - [PathWrapParser: PathWrap] pathwrap_0
2025-10-16 14:39:22.381 | INFO     | myoconverter.xml.parsers:parse:59 - [ForceParser: Millard2012EquilibriumMuscle] glmax1_r
2025-10-16 14:39:22.382 | INFO     | myoconverter.xml.parsers:parse:59 - [PathPointParser: PathPoint] glmax1_r-P1
2025-10-16 14:39:22.382 | INFO     | myoconverter.xml.parsers:parse:59 - [PathPointParser: PathPoint] glmax1_r-P2
2025-10-16 14:39:22.382 | INFO     | myoconverter.xml.parsers:parse:59 - [PathPointParser: PathPoint] glmax1_r-P3
2025-10-16 14:39:22.382 | INFO     | myoconverter.xml.parsers:parse:59 - [PathPointParser: PathPoint] glmax1_r-P4
2025-10-16 14:39:22.382 | INFO     | myoconverter.xml.parsers:parse:59 - [PathWrapSetParser: PathWrapSet] 
2025-10-16 14:39:22.382 | INFO     | myoconverter.xml.parsers:parse:59 - [PathWrapParser: PathWrap] pathwrap
2025-10-16 14:39:22.383 | INFO     | myoconverter.xml.parsers:parse:59 - [ForceParser: Millard2012EquilibriumMuscle] glmax2_r
2025-10-16 14:39:22.383 | INFO     | myoconverter.xml.parsers:parse:59 - [PathPointParser: PathPoint] glmax2_r-P1
2025-10-16 14:39:22.383 | INFO     | myoconverter.xml.parsers:parse:59 - [PathPointParser: PathPoint] glmax2_r-P2
2025-10-16 14:39:22.383 | INFO     | myoconverter.xml.parsers:parse:59 - [PathPointParser: PathPoint] glmax2_r-P3
2025-10-16 14:39:22.383 | INFO     | myoconverter.xml.parsers:parse:59 - [PathPointParser: PathPoint] glmax2_r-P4
2025-10-16 14:39:22.383 | INFO     | myoconverter.xml.parsers:parse:59 - [PathWrapSetParser: PathWrapSet] 
2025-10-16 14:39:22.383 | INFO     | myoconverter.xml.parsers:parse:59 - [PathWrapParser: PathWrap] pathwrap
2025-10-16 14:39:22.384 | INFO     | myoconverter.xml.parsers:parse:59 - [ForceParser: Millard2012EquilibriumMuscle] glmax3_r
2025-10-16 14:39:22.384 | INFO     | myoconverter.xml.parsers:parse:59 - [PathPointParser: PathPoint] glmax3_r-P1
2025-10-16 14:39:22.384 | INFO     | myoconverter.xml.parsers:parse:59 - [PathPointParser: PathPoint] glmax3_r-P2
2025-10-16 14:39:22.384 | INFO     | myoconverter.xml.parsers:parse:59 - [PathPointParser: PathPoint] glmax3_r-P3
2025-10-16 14:39:22.384 | INFO     | myoconverter.xml.parsers:parse:59 - [PathPointParser: PathPoint] glmax3_r-P4
2025-10-16 14:39:22.385 | INFO     | myoconverter.xml.parsers:parse:59 - [PathWrapSetParser: PathWrapSet] 
2025-10-16 14:39:22.385 | INFO     | myoconverter.xml.parsers:parse:59 - [PathWrapParser: PathWrap] pathwrap
2025-10-16 14:39:22.385 | INFO     | myoconverter.xml.parsers:parse:59 - [ForceParser: Millard2012EquilibriumMuscle] glmed1_r
2025-10-16 14:39:22.386 | INFO     | myoconverter.xml.parsers:parse:59 - [PathPointParser: PathPoint] glmed1_r-P1
2025-10-16 14:39:22.386 | INFO     | myoconverter.xml.parsers:parse:59 - [PathPointParser: PathPoint] glmed1_r-P2_0
2025-10-16 14:39:22.386 | INFO     | myoconverter.xml.parsers:parse:59 - [PathWrapSetParser: PathWrapSet] 
2025-10-16 14:39:22.386 | INFO     | myoconverter.xml.parsers:parse:59 - [ForceParser: Millard2012EquilibriumMuscle] glmed2_r
2025-10-16 14:39:22.386 | INFO     | myoconverter.xml.parsers:parse:59 - [PathPointParser: PathPoint] glmed2_r-P1
2025-10-16 14:39:22.386 | INFO     | myoconverter.xml.parsers:parse:59 - [PathPointParser: PathPoint] glmed2_r-P2_0
2025-10-16 14:39:22.386 | INFO     | myoconverter.xml.parsers:parse:59 - [PathWrapSetParser: PathWrapSet] 
2025-10-16 14:39:22.386 | INFO     | myoconverter.xml.parsers:parse:59 - [ForceParser: Millard2012EquilibriumMuscle] glmed3_r
2025-10-16 14:39:22.386 | INFO     | myoconverter.xml.parsers:parse:59 - [PathPointParser: PathPoint] glmed3_r-P1
2025-10-16 14:39:22.387 | INFO     | myoconverter.xml.parsers:parse:59 - [PathPointParser: PathPoint] glmed3_r-P2_0
2025-10-16 14:39:22.387 | INFO     | myoconverter.xml.parsers:parse:59 - [PathWrapSetParser: PathWrapSet] 
2025-10-16 14:39:22.387 | INFO     | myoconverter.xml.parsers:parse:59 - [ForceParser: Millard2012EquilibriumMuscle] glmin1_r
2025-10-16 14:39:22.387 | INFO     | myoconverter.xml.parsers:parse:59 - [PathPointParser: PathPoint] glmin1_r-P1
2025-10-16 14:39:22.387 | INFO     | myoconverter.xml.parsers:parse:59 - [PathPointParser: PathPoint] glmin1_r-P2
2025-10-16 14:39:22.387 | INFO     | myoconverter.xml.parsers:parse:59 - [PathWrapSetParser: PathWrapSet] 
2025-10-16 14:39:22.387 | INFO     | myoconverter.xml.parsers:parse:59 - [ForceParser: Millard2012EquilibriumMuscle] glmin2_r
2025-10-16 14:39:22.387 | INFO     | myoconverter.xml.parsers:parse:59 - [PathPointParser: PathPoint] glmin2_r-P1
2025-10-16 14:39:22.387 | INFO     | myoconverter.xml.parsers:parse:59 - [PathPointParser: PathPoint] glmin2_r-P2
2025-10-16 14:39:22.387 | INFO     | myoconverter.xml.parsers:parse:59 - [PathWrapSetParser: PathWrapSet] 
2025-10-16 14:39:22.387 | INFO     | myoconverter.xml.parsers:parse:59 - [ForceParser: Millard2012EquilibriumMuscle] glmin3_r
2025-10-16 14:39:22.388 | INFO     | myoconverter.xml.parsers:parse:59 - [PathPointParser: PathPoint] glmin3_r-P1
2025-10-16 14:39:22.388 | INFO     | myoconverter.xml.parsers:parse:59 - [PathPointParser: PathPoint] glmin3_r-P2
2025-10-16 14:39:22.388 | INFO     | myoconverter.xml.parsers:parse:59 - [PathWrapSetParser: PathWrapSet] 
2025-10-16 14:39:22.388 | INFO     | myoconverter.xml.parsers:parse:59 - [ForceParser: Millard2012EquilibriumMuscle] grac_r
2025-10-16 14:39:22.388 | INFO     | myoconverter.xml.parsers:parse:59 - [PathPointParser: PathPoint] grac_r-P1
2025-10-16 14:39:22.388 | INFO     | myoconverter.xml.parsers:parse:59 - [PathPointParser: PathPoint] grac_r-P2
2025-10-16 14:39:22.388 | INFO     | myoconverter.xml.parsers:parse:59 - [PathPointParser: PathPoint] grac_r-P3
2025-10-16 14:39:22.388 | INFO     | myoconverter.xml.parsers:parse:59 - [PathWrapSetParser: PathWrapSet] 
2025-10-16 14:39:22.388 | INFO     | myoconverter.xml.parsers:parse:59 - [PathWrapParser: PathWrap] pathwrap
2025-10-16 14:39:22.389 | INFO     | myoconverter.xml.parsers:parse:59 - [ForceParser: Millard2012EquilibriumMuscle] iliacus_r
2025-10-16 14:39:22.389 | INFO     | myoconverter.xml.parsers:parse:59 - [PathPointParser: PathPoint] iliacus_r-P1
2025-10-16 14:39:22.389 | INFO     | myoconverter.xml.parsers:parse:59 - [PathPointParser: PathPoint] iliacus_r-P2
2025-10-16 14:39:22.389 | INFO     | myoconverter.xml.parsers:parse:59 - [PathPointParser: PathPoint] iliacus_r-P3
2025-10-16 14:39:22.389 | INFO     | myoconverter.xml.parsers:parse:59 - [PathPointParser: PathPoint] iliacus_r-P4
2025-10-16 14:39:22.389 | INFO     | myoconverter.xml.parsers:parse:59 - [PathWrapSetParser: PathWrapSet] 
2025-10-16 14:39:22.390 | INFO     | myoconverter.xml.parsers:parse:59 - [PathWrapParser: PathWrap] pathwrap
2025-10-16 14:39:22.390 | INFO     | myoconverter.xml.parsers:parse:59 - [ForceParser: Millard2012EquilibriumMuscle] perbrev_r
2025-10-16 14:39:22.390 | INFO     | myoconverter.xml.parsers:parse:59 - [PathPointParser: PathPoint] perbrev_r-P1
2025-10-16 14:39:22.390 | INFO     | myoconverter.xml.parsers:parse:59 - [PathPointParser: PathPoint] perbrev_r-P2
2025-10-16 14:39:22.390 | INFO     | myoconverter.xml.parsers:parse:59 - [PathPointParser: PathPoint] perbrev_r-P3
2025-10-16 14:39:22.390 | INFO     | myoconverter.xml.parsers:parse:59 - [PathPointParser: PathPoint] perbrev_r-P4
2025-10-16 14:39:22.390 | INFO     | myoconverter.xml.parsers:parse:59 - [PathPointParser: PathPoint] perbrev_r-P5
2025-10-16 14:39:22.391 | INFO     | myoconverter.xml.parsers:parse:59 - [PathWrapSetParser: PathWrapSet] 
2025-10-16 14:39:22.391 | INFO     | myoconverter.xml.parsers:parse:59 - [ForceParser: Millard2012EquilibriumMuscle] perlong_r
2025-10-16 14:39:22.391 | INFO     | myoconverter.xml.parsers:parse:59 - [PathPointParser: PathPoint] perlong_r-P1
2025-10-16 14:39:22.391 | INFO     | myoconverter.xml.parsers:parse:59 - [PathPointParser: PathPoint] perlong_r-P2
2025-10-16 14:39:22.391 | INFO     | myoconverter.xml.parsers:parse:59 - [PathPointParser: PathPoint] perlong_r-P3
2025-10-16 14:39:22.391 | INFO     | myoconverter.xml.parsers:parse:59 - [PathPointParser: PathPoint] perlong_r-P4
2025-10-16 14:39:22.391 | INFO     | myoconverter.xml.parsers:parse:59 - [PathPointParser: PathPoint] perlong_r-P5
2025-10-16 14:39:22.391 | INFO     | myoconverter.xml.parsers:parse:59 - [PathPointParser: PathPoint] perlong_r-P6
2025-10-16 14:39:22.391 | INFO     | myoconverter.xml.parsers:parse:59 - [PathPointParser: PathPoint] perlong_r-P7
2025-10-16 14:39:22.391 | INFO     | myoconverter.xml.parsers:parse:59 - [PathWrapSetParser: PathWrapSet] 
2025-10-16 14:39:22.391 | INFO     | myoconverter.xml.parsers:parse:59 - [ForceParser: Millard2012EquilibriumMuscle] piri_r
2025-10-16 14:39:22.391 | INFO     | myoconverter.xml.parsers:parse:59 - [PathPointParser: PathPoint] piri_r-P1
2025-10-16 14:39:22.392 | INFO     | myoconverter.xml.parsers:parse:59 - [PathPointParser: PathPoint] piri_r-P2
2025-10-16 14:39:22.392 | INFO     | myoconverter.xml.parsers:parse:59 - [PathPointParser: PathPoint] piri_r-P3
2025-10-16 14:39:22.392 | INFO     | myoconverter.xml.parsers:parse:59 - [PathWrapSetParser: PathWrapSet] 
2025-10-16 14:39:22.392 | INFO     | myoconverter.xml.parsers:parse:59 - [ForceParser: Millard2012EquilibriumMuscle] psoas_r
2025-10-16 14:39:22.392 | INFO     | myoconverter.xml.parsers:parse:59 - [PathPointParser: PathPoint] psoas_r-P1
2025-10-16 14:39:22.392 | INFO     | myoconverter.xml.parsers:parse:59 - [PathPointParser: PathPoint] psoas_r-P2
2025-10-16 14:39:22.392 | INFO     | myoconverter.xml.parsers:parse:59 - [PathPointParser: PathPoint] psoas_r-P3
2025-10-16 14:39:22.392 | INFO     | myoconverter.xml.parsers:parse:59 - [PathPointParser: PathPoint] psoas_r-P4
2025-10-16 14:39:22.392 | INFO     | myoconverter.xml.parsers:parse:59 - [PathWrapSetParser: PathWrapSet] 
2025-10-16 14:39:22.392 | INFO     | myoconverter.xml.parsers:parse:59 - [PathWrapParser: PathWrap] pathwrap
2025-10-16 14:39:22.393 | INFO     | myoconverter.xml.parsers:parse:59 - [ForceParser: Millard2012EquilibriumMuscle] recfem_r
2025-10-16 14:39:22.393 | INFO     | myoconverter.xml.parsers:parse:59 - [PathPointParser: PathPoint] recfem_r-P1
2025-10-16 14:39:22.393 | INFO     | myoconverter.xml.parsers:parse:59 - [PathPointParser: PathPoint] recfem_r-P2
2025-10-16 14:39:22.393 | INFO     | myoconverter.xml.parsers:parse:59 - [PathPointParser: PathPoint] recfem_r-P3
2025-10-16 14:39:22.393 | INFO     | myoconverter.xml.parsers:parse:59 - [PathPointParser: PathPoint] recfem_r-P4
2025-10-16 14:39:22.393 | INFO     | myoconverter.xml.parsers:parse:59 - [PathPointParser: PathPoint] recfem_r-P5
2025-10-16 14:39:22.393 | INFO     | myoconverter.xml.parsers:parse:59 - [PathWrapSetParser: PathWrapSet] 
2025-10-16 14:39:22.393 | INFO     | myoconverter.xml.parsers:parse:59 - [PathWrapParser: PathWrap] pathwrap
2025-10-16 14:39:22.394 | INFO     | myoconverter.xml.parsers:parse:59 - [ForceParser: Millard2012EquilibriumMuscle] sart_r
2025-10-16 14:39:22.395 | INFO     | myoconverter.xml.parsers:parse:59 - [PathPointParser: PathPoint] sart_r-P1
2025-10-16 14:39:22.395 | INFO     | myoconverter.xml.parsers:parse:59 - [PathPointParser: PathPoint] sart_r-P2
2025-10-16 14:39:22.395 | INFO     | myoconverter.xml.parsers:parse:59 - [PathPointParser: PathPoint] sart_r-P3
2025-10-16 14:39:22.395 | INFO     | myoconverter.xml.parsers:parse:59 - [PathPointParser: PathPoint] sart_r-P4
2025-10-16 14:39:22.395 | INFO     | myoconverter.xml.parsers:parse:59 - [PathPointParser: PathPoint] sart_r-P5
2025-10-16 14:39:22.395 | INFO     | myoconverter.xml.parsers:parse:59 - [PathWrapSetParser: PathWrapSet] 
2025-10-16 14:39:22.395 | INFO     | myoconverter.xml.parsers:parse:59 - [ForceParser: Millard2012EquilibriumMuscle] semimem_r
2025-10-16 14:39:22.395 | INFO     | myoconverter.xml.parsers:parse:59 - [PathPointParser: PathPoint] semimem_r-P1
2025-10-16 14:39:22.395 | INFO     | myoconverter.xml.parsers:parse:59 - [PathPointParser: PathPoint] semimem_r-P2
2025-10-16 14:39:22.395 | INFO     | myoconverter.xml.parsers:parse:59 - [PathWrapSetParser: PathWrapSet] 
2025-10-16 14:39:22.395 | INFO     | myoconverter.xml.parsers:parse:59 - [PathWrapParser: PathWrap] pathwrap
2025-10-16 14:39:22.396 | INFO     | myoconverter.xml.parsers:parse:59 - [ForceParser: Millard2012EquilibriumMuscle] semiten_r
2025-10-16 14:39:22.396 | INFO     | myoconverter.xml.parsers:parse:59 - [PathPointParser: PathPoint] semiten_r-P1
2025-10-16 14:39:22.396 | INFO     | myoconverter.xml.parsers:parse:59 - [PathPointParser: PathPoint] semiten_r-P2
2025-10-16 14:39:22.396 | INFO     | myoconverter.xml.parsers:parse:59 - [PathPointParser: PathPoint] semiten_r-P3
2025-10-16 14:39:22.396 | INFO     | myoconverter.xml.parsers:parse:59 - [PathWrapSetParser: PathWrapSet] 
2025-10-16 14:39:22.397 | INFO     | myoconverter.xml.parsers:parse:59 - [PathWrapParser: PathWrap] pathwrap
2025-10-16 14:39:22.397 | INFO     | myoconverter.xml.parsers:parse:59 - [ForceParser: Millard2012EquilibriumMuscle] soleus_r
2025-10-16 14:39:22.397 | INFO     | myoconverter.xml.parsers:parse:59 - [PathPointParser: PathPoint] soleus_r-P1
2025-10-16 14:39:22.397 | INFO     | myoconverter.xml.parsers:parse:59 - [PathPointParser: PathPoint] soleus_r-P2
2025-10-16 14:39:22.398 | INFO     | myoconverter.xml.parsers:parse:59 - [PathWrapSetParser: PathWrapSet] 
2025-10-16 14:39:22.398 | INFO     | myoconverter.xml.parsers:parse:59 - [ForceParser: Millard2012EquilibriumMuscle] tfl_r
2025-10-16 14:39:22.398 | INFO     | myoconverter.xml.parsers:parse:59 - [PathPointParser: PathPoint] tfl_r-P1
2025-10-16 14:39:22.398 | INFO     | myoconverter.xml.parsers:parse:59 - [PathPointParser: PathPoint] tfl_r-P2
2025-10-16 14:39:22.398 | INFO     | myoconverter.xml.parsers:parse:59 - [PathPointParser: PathPoint] tfl_r-P3
2025-10-16 14:39:22.398 | INFO     | myoconverter.xml.parsers:parse:59 - [PathPointParser: PathPoint] tfl_r-P4
2025-10-16 14:39:22.398 | INFO     | myoconverter.xml.parsers:parse:59 - [PathWrapSetParser: PathWrapSet] 
2025-10-16 14:39:22.398 | INFO     | myoconverter.xml.parsers:parse:59 - [ForceParser: Millard2012EquilibriumMuscle] tibant_r
2025-10-16 14:39:22.398 | INFO     | myoconverter.xml.parsers:parse:59 - [PathPointParser: PathPoint] tibant_r-P1
2025-10-16 14:39:22.398 | INFO     | myoconverter.xml.parsers:parse:59 - [PathPointParser: PathPoint] tibant_r-P2
2025-10-16 14:39:22.398 | INFO     | myoconverter.xml.parsers:parse:59 - [PathPointParser: PathPoint] tibant_r-P3
2025-10-16 14:39:22.399 | INFO     | myoconverter.xml.parsers:parse:59 - [PathPointParser: PathPoint] tibant_r-P4
2025-10-16 14:39:22.399 | INFO     | myoconverter.xml.parsers:parse:59 - [PathWrapSetParser: PathWrapSet] 
2025-10-16 14:39:22.399 | INFO     | myoconverter.xml.parsers:parse:59 - [ForceParser: Millard2012EquilibriumMuscle] tibpost_r
2025-10-16 14:39:22.399 | INFO     | myoconverter.xml.parsers:parse:59 - [PathPointParser: PathPoint] tibpost_r-P1
2025-10-16 14:39:22.399 | INFO     | myoconverter.xml.parsers:parse:59 - [PathPointParser: PathPoint] tibpost_r-P2
2025-10-16 14:39:22.399 | INFO     | myoconverter.xml.parsers:parse:59 - [PathPointParser: PathPoint] tibpost_r-P3
2025-10-16 14:39:22.399 | INFO     | myoconverter.xml.parsers:parse:59 - [PathPointParser: PathPoint] tibpost_r-P4
2025-10-16 14:39:22.399 | INFO     | myoconverter.xml.parsers:parse:59 - [PathWrapSetParser: PathWrapSet] 
2025-10-16 14:39:22.399 | INFO     | myoconverter.xml.parsers:parse:59 - [ForceParser: Millard2012EquilibriumMuscle] vasint_r
2025-10-16 14:39:22.399 | INFO     | myoconverter.xml.parsers:parse:59 - [PathPointParser: PathPoint] vasint_r-P1
2025-10-16 14:39:22.399 | INFO     | myoconverter.xml.parsers:parse:59 - [PathPointParser: PathPoint] vasint_r-P2
2025-10-16 14:39:22.399 | INFO     | myoconverter.xml.parsers:parse:59 - [PathPointParser: PathPoint] vasint_r-P3
2025-10-16 14:39:22.400 | INFO     | myoconverter.xml.parsers:parse:59 - [PathPointParser: PathPoint] vasint_r-P4
2025-10-16 14:39:22.400 | INFO     | myoconverter.xml.parsers:parse:59 - [PathPointParser: PathPoint] vasint_r-P5
2025-10-16 14:39:22.400 | INFO     | myoconverter.xml.parsers:parse:59 - [PathWrapSetParser: PathWrapSet] 
2025-10-16 14:39:22.400 | INFO     | myoconverter.xml.parsers:parse:59 - [PathWrapParser: PathWrap] pathwrap
2025-10-16 14:39:22.401 | INFO     | myoconverter.xml.parsers:parse:59 - [ForceParser: Millard2012EquilibriumMuscle] vaslat_r
2025-10-16 14:39:22.401 | INFO     | myoconverter.xml.parsers:parse:59 - [PathPointParser: PathPoint] vaslat_r-P1
2025-10-16 14:39:22.401 | INFO     | myoconverter.xml.parsers:parse:59 - [PathPointParser: PathPoint] vaslat_r-P2
2025-10-16 14:39:22.401 | INFO     | myoconverter.xml.parsers:parse:59 - [PathPointParser: PathPoint] vaslat_r-P3
2025-10-16 14:39:22.401 | INFO     | myoconverter.xml.parsers:parse:59 - [PathPointParser: PathPoint] vaslat_r-P4
2025-10-16 14:39:22.401 | INFO     | myoconverter.xml.parsers:parse:59 - [PathPointParser: PathPoint] vaslat_r-P5
2025-10-16 14:39:22.401 | INFO     | myoconverter.xml.parsers:parse:59 - [PathWrapSetParser: PathWrapSet] 
2025-10-16 14:39:22.402 | INFO     | myoconverter.xml.parsers:parse:59 - [PathWrapParser: PathWrap] pathwrap
2025-10-16 14:39:22.403 | INFO     | myoconverter.xml.parsers:parse:59 - [ForceParser: Millard2012EquilibriumMuscle] vasmed_r
2025-10-16 14:39:22.403 | INFO     | myoconverter.xml.parsers:parse:59 - [PathPointParser: PathPoint] vasmed_r-P1
2025-10-16 14:39:22.403 | INFO     | myoconverter.xml.parsers:parse:59 - [PathPointParser: PathPoint] vasmed_r-P2
2025-10-16 14:39:22.403 | INFO     | myoconverter.xml.parsers:parse:59 - [PathPointParser: PathPoint] vasmed_r-P3
2025-10-16 14:39:22.403 | INFO     | myoconverter.xml.parsers:parse:59 - [PathPointParser: PathPoint] vasmed_r-P4
2025-10-16 14:39:22.403 | INFO     | myoconverter.xml.parsers:parse:59 - [PathPointParser: PathPoint] vasmed_r-P5
2025-10-16 14:39:22.403 | INFO     | myoconverter.xml.parsers:parse:59 - [PathWrapSetParser: PathWrapSet] 
2025-10-16 14:39:22.403 | INFO     | myoconverter.xml.parsers:parse:59 - [PathWrapParser: PathWrap] pathwrap
2025-10-16 14:39:22.405 | INFO     | myoconverter.xml.parsers:parse:59 - [ForceParser: Millard2012EquilibriumMuscle] addbrev_l
2025-10-16 14:39:22.405 | INFO     | myoconverter.xml.parsers:parse:59 - [PathPointParser: PathPoint] addbrev_l-P1
2025-10-16 14:39:22.405 | INFO     | myoconverter.xml.parsers:parse:59 - [PathPointParser: PathPoint] addbrev_l-P2
2025-10-16 14:39:22.405 | INFO     | myoconverter.xml.parsers:parse:59 - [PathWrapSetParser: PathWrapSet] 
2025-10-16 14:39:22.405 | INFO     | myoconverter.xml.parsers:parse:59 - [PathWrapParser: PathWrap] pathwrap
2025-10-16 14:39:22.406 | INFO     | myoconverter.xml.parsers:parse:59 - [ForceParser: Millard2012EquilibriumMuscle] addlong_l
2025-10-16 14:39:22.406 | INFO     | myoconverter.xml.parsers:parse:59 - [PathPointParser: PathPoint] addlong_l-P1
2025-10-16 14:39:22.406 | INFO     | myoconverter.xml.parsers:parse:59 - [PathPointParser: PathPoint] addlong_l-P2
2025-10-16 14:39:22.406 | INFO     | myoconverter.xml.parsers:parse:59 - [PathWrapSetParser: PathWrapSet] 
2025-10-16 14:39:22.406 | INFO     | myoconverter.xml.parsers:parse:59 - [PathWrapParser: PathWrap] pathwrap
2025-10-16 14:39:22.406 | INFO     | myoconverter.xml.parsers:parse:59 - [ForceParser: Millard2012EquilibriumMuscle] addmagDist_l
2025-10-16 14:39:22.407 | INFO     | myoconverter.xml.parsers:parse:59 - [PathPointParser: PathPoint] addmagDist_l-P1
2025-10-16 14:39:22.407 | INFO     | myoconverter.xml.parsers:parse:59 - [PathPointParser: PathPoint] addmagDist_l-P2
2025-10-16 14:39:22.407 | INFO     | myoconverter.xml.parsers:parse:59 - [PathWrapSetParser: PathWrapSet] 
2025-10-16 14:39:22.407 | INFO     | myoconverter.xml.parsers:parse:59 - [PathWrapParser: PathWrap] pathwrap
2025-10-16 14:39:22.407 | INFO     | myoconverter.xml.parsers:parse:59 - [ForceParser: Millard2012EquilibriumMuscle] addmagIsch_l
2025-10-16 14:39:22.408 | INFO     | myoconverter.xml.parsers:parse:59 - [PathPointParser: PathPoint] addmagIsch_l-P1
2025-10-16 14:39:22.408 | INFO     | myoconverter.xml.parsers:parse:59 - [PathPointParser: PathPoint] addmagIsch_l-P2
2025-10-16 14:39:22.408 | INFO     | myoconverter.xml.parsers:parse:59 - [PathWrapSetParser: PathWrapSet] 
2025-10-16 14:39:22.408 | INFO     | myoconverter.xml.parsers:parse:59 - [PathWrapParser: PathWrap] pathwrap
2025-10-16 14:39:22.409 | INFO     | myoconverter.xml.parsers:parse:59 - [ForceParser: Millard2012EquilibriumMuscle] addmagMid_l
2025-10-16 14:39:22.409 | INFO     | myoconverter.xml.parsers:parse:59 - [PathPointParser: PathPoint] addmagMid_l-P1
2025-10-16 14:39:22.409 | INFO     | myoconverter.xml.parsers:parse:59 - [PathPointParser: PathPoint] addmagMid_l-P2
2025-10-16 14:39:22.409 | INFO     | myoconverter.xml.parsers:parse:59 - [PathWrapSetParser: PathWrapSet] 
2025-10-16 14:39:22.409 | INFO     | myoconverter.xml.parsers:parse:59 - [PathWrapParser: PathWrap] pathwrap
2025-10-16 14:39:22.409 | INFO     | myoconverter.xml.parsers:parse:59 - [ForceParser: Millard2012EquilibriumMuscle] addmagProx_l
2025-10-16 14:39:22.410 | INFO     | myoconverter.xml.parsers:parse:59 - [PathPointParser: PathPoint] addmagProx_l-P1
2025-10-16 14:39:22.410 | INFO     | myoconverter.xml.parsers:parse:59 - [PathPointParser: PathPoint] addmagProx_l-P2
2025-10-16 14:39:22.410 | INFO     | myoconverter.xml.parsers:parse:59 - [PathWrapSetParser: PathWrapSet] 
2025-10-16 14:39:22.410 | INFO     | myoconverter.xml.parsers:parse:59 - [PathWrapParser: PathWrap] pathwrap
2025-10-16 14:39:22.410 | INFO     | myoconverter.xml.parsers:parse:59 - [ForceParser: Millard2012EquilibriumMuscle] bflh_l
2025-10-16 14:39:22.411 | INFO     | myoconverter.xml.parsers:parse:59 - [PathPointParser: PathPoint] bflh_l-P1
2025-10-16 14:39:22.411 | INFO     | myoconverter.xml.parsers:parse:59 - [PathPointParser: PathPoint] bflh_l-P2
2025-10-16 14:39:22.411 | INFO     | myoconverter.xml.parsers:parse:59 - [PathPointParser: PathPoint] bflh_l-P3
2025-10-16 14:39:22.411 | INFO     | myoconverter.xml.parsers:parse:59 - [PathWrapSetParser: PathWrapSet] 
2025-10-16 14:39:22.411 | INFO     | myoconverter.xml.parsers:parse:59 - [ForceParser: Millard2012EquilibriumMuscle] bfsh_l
2025-10-16 14:39:22.411 | INFO     | myoconverter.xml.parsers:parse:59 - [PathPointParser: PathPoint] bfsh_l-P1
2025-10-16 14:39:22.411 | INFO     | myoconverter.xml.parsers:parse:59 - [PathPointParser: PathPoint] bfsh_l-P2
2025-10-16 14:39:22.411 | INFO     | myoconverter.xml.parsers:parse:59 - [PathWrapSetParser: PathWrapSet] 
2025-10-16 14:39:22.411 | INFO     | myoconverter.xml.parsers:parse:59 - [PathWrapParser: PathWrap] pathwrap
2025-10-16 14:39:22.412 | INFO     | myoconverter.xml.parsers:parse:59 - [ForceParser: Millard2012EquilibriumMuscle] edl_l
2025-10-16 14:39:22.412 | INFO     | myoconverter.xml.parsers:parse:59 - [PathPointParser: PathPoint] edl_l-P1
2025-10-16 14:39:22.412 | INFO     | myoconverter.xml.parsers:parse:59 - [PathPointParser: PathPoint] edl_l-P2
2025-10-16 14:39:22.412 | INFO     | myoconverter.xml.parsers:parse:59 - [PathPointParser: PathPoint] edl_l-P3
2025-10-16 14:39:22.412 | INFO     | myoconverter.xml.parsers:parse:59 - [PathPointParser: PathPoint] edl_l-P4
2025-10-16 14:39:22.412 | INFO     | myoconverter.xml.parsers:parse:59 - [PathPointParser: PathPoint] edl_l-P5
2025-10-16 14:39:22.413 | INFO     | myoconverter.xml.parsers:parse:59 - [PathPointParser: PathPoint] edl_l-P6
2025-10-16 14:39:22.413 | INFO     | myoconverter.xml.parsers:parse:59 - [PathWrapSetParser: PathWrapSet] 
2025-10-16 14:39:22.413 | INFO     | myoconverter.xml.parsers:parse:59 - [ForceParser: Millard2012EquilibriumMuscle] ehl_l
2025-10-16 14:39:22.413 | INFO     | myoconverter.xml.parsers:parse:59 - [PathPointParser: PathPoint] ehl_l-P1
2025-10-16 14:39:22.413 | INFO     | myoconverter.xml.parsers:parse:59 - [PathPointParser: PathPoint] ehl_l-P2
2025-10-16 14:39:22.413 | INFO     | myoconverter.xml.parsers:parse:59 - [PathPointParser: PathPoint] ehl_l-P3
2025-10-16 14:39:22.413 | INFO     | myoconverter.xml.parsers:parse:59 - [PathPointParser: PathPoint] ehl_l-P4
2025-10-16 14:39:22.413 | INFO     | myoconverter.xml.parsers:parse:59 - [PathPointParser: PathPoint] ehl_l-P5
2025-10-16 14:39:22.413 | INFO     | myoconverter.xml.parsers:parse:59 - [PathPointParser: PathPoint] ehl_l-P6
2025-10-16 14:39:22.413 | INFO     | myoconverter.xml.parsers:parse:59 - [PathPointParser: PathPoint] ehl_l-P7
2025-10-16 14:39:22.413 | INFO     | myoconverter.xml.parsers:parse:59 - [PathPointParser: PathPoint] ehl_l-P8
2025-10-16 14:39:22.413 | INFO     | myoconverter.xml.parsers:parse:59 - [PathWrapSetParser: PathWrapSet] 
2025-10-16 14:39:22.414 | INFO     | myoconverter.xml.parsers:parse:59 - [ForceParser: Millard2012EquilibriumMuscle] fdl_l
2025-10-16 14:39:22.414 | INFO     | myoconverter.xml.parsers:parse:59 - [PathPointParser: PathPoint] fdl_l-P1
2025-10-16 14:39:22.414 | INFO     | myoconverter.xml.parsers:parse:59 - [PathPointParser: PathPoint] fdl_l-P2
2025-10-16 14:39:22.414 | INFO     | myoconverter.xml.parsers:parse:59 - [PathPointParser: PathPoint] fdl_l-P3
2025-10-16 14:39:22.414 | INFO     | myoconverter.xml.parsers:parse:59 - [PathPointParser: PathPoint] fdl_l-P4
2025-10-16 14:39:22.414 | INFO     | myoconverter.xml.parsers:parse:59 - [PathPointParser: PathPoint] fdl_l-P5
2025-10-16 14:39:22.414 | INFO     | myoconverter.xml.parsers:parse:59 - [PathPointParser: PathPoint] fdl_l-P6
2025-10-16 14:39:22.414 | INFO     | myoconverter.xml.parsers:parse:59 - [PathPointParser: PathPoint] fdl_l-P7
2025-10-16 14:39:22.414 | INFO     | myoconverter.xml.parsers:parse:59 - [PathPointParser: PathPoint] fdl_l-P8
2025-10-16 14:39:22.414 | INFO     | myoconverter.xml.parsers:parse:59 - [PathWrapSetParser: PathWrapSet] 
2025-10-16 14:39:22.414 | INFO     | myoconverter.xml.parsers:parse:59 - [ForceParser: Millard2012EquilibriumMuscle] fhl_l
2025-10-16 14:39:22.415 | INFO     | myoconverter.xml.parsers:parse:59 - [PathPointParser: PathPoint] fhl_l-P1
2025-10-16 14:39:22.415 | INFO     | myoconverter.xml.parsers:parse:59 - [PathPointParser: PathPoint] fhl_l-P2
2025-10-16 14:39:22.415 | INFO     | myoconverter.xml.parsers:parse:59 - [PathPointParser: PathPoint] fhl_l-P3
2025-10-16 14:39:22.415 | INFO     | myoconverter.xml.parsers:parse:59 - [PathPointParser: PathPoint] fhl_l-P4
2025-10-16 14:39:22.415 | INFO     | myoconverter.xml.parsers:parse:59 - [PathPointParser: PathPoint] fhl_l-P5
2025-10-16 14:39:22.415 | INFO     | myoconverter.xml.parsers:parse:59 - [PathPointParser: PathPoint] fhl_l-P6
2025-10-16 14:39:22.415 | INFO     | myoconverter.xml.parsers:parse:59 - [PathPointParser: PathPoint] fhl_l-P7
2025-10-16 14:39:22.415 | INFO     | myoconverter.xml.parsers:parse:59 - [PathWrapSetParser: PathWrapSet] 
2025-10-16 14:39:22.415 | INFO     | myoconverter.xml.parsers:parse:59 - [ForceParser: Millard2012EquilibriumMuscle] gaslat_l
2025-10-16 14:39:22.415 | INFO     | myoconverter.xml.parsers:parse:59 - [PathPointParser: PathPoint] gaslat_l-P1
2025-10-16 14:39:22.415 | INFO     | myoconverter.xml.parsers:parse:59 - [PathPointParser: PathPoint] gaslat_l-P2
2025-10-16 14:39:22.415 | INFO     | myoconverter.xml.parsers:parse:59 - [PathWrapSetParser: PathWrapSet] 
2025-10-16 14:39:22.416 | INFO     | myoconverter.xml.parsers:parse:59 - [PathWrapParser: PathWrap] pathwrap
2025-10-16 14:39:22.416 | INFO     | myoconverter.xml.parsers:parse:59 - [PathWrapParser: PathWrap] pathwrap_0
2025-10-16 14:39:22.417 | INFO     | myoconverter.xml.parsers:parse:59 - [ForceParser: Millard2012EquilibriumMuscle] gasmed_l
2025-10-16 14:39:22.417 | INFO     | myoconverter.xml.parsers:parse:59 - [PathPointParser: PathPoint] gasmed_l-P1
2025-10-16 14:39:22.417 | INFO     | myoconverter.xml.parsers:parse:59 - [PathPointParser: PathPoint] gasmed_l-P2
2025-10-16 14:39:22.417 | INFO     | myoconverter.xml.parsers:parse:59 - [PathWrapSetParser: PathWrapSet] 
2025-10-16 14:39:22.417 | INFO     | myoconverter.xml.parsers:parse:59 - [PathWrapParser: PathWrap] pathwrap
2025-10-16 14:39:22.418 | INFO     | myoconverter.xml.parsers:parse:59 - [PathWrapParser: PathWrap] pathwrap_0
2025-10-16 14:39:22.418 | INFO     | myoconverter.xml.parsers:parse:59 - [ForceParser: Millard2012EquilibriumMuscle] glmax1_l
2025-10-16 14:39:22.418 | INFO     | myoconverter.xml.parsers:parse:59 - [PathPointParser: PathPoint] glmax1_l-P1
2025-10-16 14:39:22.418 | INFO     | myoconverter.xml.parsers:parse:59 - [PathPointParser: PathPoint] glmax1_l-P2
2025-10-16 14:39:22.419 | INFO     | myoconverter.xml.parsers:parse:59 - [PathPointParser: PathPoint] glmax1_l-P3
2025-10-16 14:39:22.419 | INFO     | myoconverter.xml.parsers:parse:59 - [PathPointParser: PathPoint] glmax1_l-P4
2025-10-16 14:39:22.419 | INFO     | myoconverter.xml.parsers:parse:59 - [PathWrapSetParser: PathWrapSet] 
2025-10-16 14:39:22.419 | INFO     | myoconverter.xml.parsers:parse:59 - [PathWrapParser: PathWrap] pathwrap
2025-10-16 14:39:22.420 | INFO     | myoconverter.xml.parsers:parse:59 - [ForceParser: Millard2012EquilibriumMuscle] glmax2_l
2025-10-16 14:39:22.420 | INFO     | myoconverter.xml.parsers:parse:59 - [PathPointParser: PathPoint] glmax2_l-P1
2025-10-16 14:39:22.420 | INFO     | myoconverter.xml.parsers:parse:59 - [PathPointParser: PathPoint] glmax2_l-P2
2025-10-16 14:39:22.420 | INFO     | myoconverter.xml.parsers:parse:59 - [PathPointParser: PathPoint] glmax2_l-P3
2025-10-16 14:39:22.420 | INFO     | myoconverter.xml.parsers:parse:59 - [PathPointParser: PathPoint] glmax2_l-P4
2025-10-16 14:39:22.420 | INFO     | myoconverter.xml.parsers:parse:59 - [PathWrapSetParser: PathWrapSet] 
2025-10-16 14:39:22.420 | INFO     | myoconverter.xml.parsers:parse:59 - [PathWrapParser: PathWrap] pathwrap
2025-10-16 14:39:22.421 | INFO     | myoconverter.xml.parsers:parse:59 - [ForceParser: Millard2012EquilibriumMuscle] glmax3_l
2025-10-16 14:39:22.421 | INFO     | myoconverter.xml.parsers:parse:59 - [PathPointParser: PathPoint] glmax3_l-P1
2025-10-16 14:39:22.422 | INFO     | myoconverter.xml.parsers:parse:59 - [PathPointParser: PathPoint] glmax3_l-P2
2025-10-16 14:39:22.422 | INFO     | myoconverter.xml.parsers:parse:59 - [PathPointParser: PathPoint] glmax3_l-P3
2025-10-16 14:39:22.422 | INFO     | myoconverter.xml.parsers:parse:59 - [PathPointParser: PathPoint] glmax3_l-P4
2025-10-16 14:39:22.422 | INFO     | myoconverter.xml.parsers:parse:59 - [PathWrapSetParser: PathWrapSet] 
2025-10-16 14:39:22.422 | INFO     | myoconverter.xml.parsers:parse:59 - [PathWrapParser: PathWrap] pathwrap
2025-10-16 14:39:22.423 | INFO     | myoconverter.xml.parsers:parse:59 - [ForceParser: Millard2012EquilibriumMuscle] glmed1_l
2025-10-16 14:39:22.423 | INFO     | myoconverter.xml.parsers:parse:59 - [PathPointParser: PathPoint] glmed1_l-P1
2025-10-16 14:39:22.423 | INFO     | myoconverter.xml.parsers:parse:59 - [PathPointParser: PathPoint] glmed1_l-P2
2025-10-16 14:39:22.423 | INFO     | myoconverter.xml.parsers:parse:59 - [PathWrapSetParser: PathWrapSet] 
2025-10-16 14:39:22.423 | INFO     | myoconverter.xml.parsers:parse:59 - [ForceParser: Millard2012EquilibriumMuscle] glmed2_l
2025-10-16 14:39:22.423 | INFO     | myoconverter.xml.parsers:parse:59 - [PathPointParser: PathPoint] glmed2_l-P1
2025-10-16 14:39:22.423 | INFO     | myoconverter.xml.parsers:parse:59 - [PathPointParser: PathPoint] glmed2_l-P2
2025-10-16 14:39:22.424 | INFO     | myoconverter.xml.parsers:parse:59 - [PathWrapSetParser: PathWrapSet] 
2025-10-16 14:39:22.424 | INFO     | myoconverter.xml.parsers:parse:59 - [ForceParser: Millard2012EquilibriumMuscle] glmed3_l
2025-10-16 14:39:22.424 | INFO     | myoconverter.xml.parsers:parse:59 - [PathPointParser: PathPoint] glmed3_l-P1
2025-10-16 14:39:22.424 | INFO     | myoconverter.xml.parsers:parse:59 - [PathPointParser: PathPoint] glmed3_l-P2
2025-10-16 14:39:22.424 | INFO     | myoconverter.xml.parsers:parse:59 - [PathWrapSetParser: PathWrapSet] 
2025-10-16 14:39:22.424 | INFO     | myoconverter.xml.parsers:parse:59 - [ForceParser: Millard2012EquilibriumMuscle] glmin1_l
2025-10-16 14:39:22.424 | INFO     | myoconverter.xml.parsers:parse:59 - [PathPointParser: PathPoint] glmin1_l-P1
2025-10-16 14:39:22.424 | INFO     | myoconverter.xml.parsers:parse:59 - [PathPointParser: PathPoint] glmin1_l-P2
2025-10-16 14:39:22.424 | INFO     | myoconverter.xml.parsers:parse:59 - [PathWrapSetParser: PathWrapSet] 
2025-10-16 14:39:22.424 | INFO     | myoconverter.xml.parsers:parse:59 - [ForceParser: Millard2012EquilibriumMuscle] glmin2_l
2025-10-16 14:39:22.424 | INFO     | myoconverter.xml.parsers:parse:59 - [PathPointParser: PathPoint] glmin2_l-P1
2025-10-16 14:39:22.425 | INFO     | myoconverter.xml.parsers:parse:59 - [PathPointParser: PathPoint] glmin2_l-P2
2025-10-16 14:39:22.425 | INFO     | myoconverter.xml.parsers:parse:59 - [PathWrapSetParser: PathWrapSet] 
2025-10-16 14:39:22.425 | INFO     | myoconverter.xml.parsers:parse:59 - [ForceParser: Millard2012EquilibriumMuscle] glmin3_l
2025-10-16 14:39:22.425 | INFO     | myoconverter.xml.parsers:parse:59 - [PathPointParser: PathPoint] glmin3_l-P1
2025-10-16 14:39:22.425 | INFO     | myoconverter.xml.parsers:parse:59 - [PathPointParser: PathPoint] glmin3_l-P2
2025-10-16 14:39:22.425 | INFO     | myoconverter.xml.parsers:parse:59 - [PathWrapSetParser: PathWrapSet] 
2025-10-16 14:39:22.425 | INFO     | myoconverter.xml.parsers:parse:59 - [ForceParser: Millard2012EquilibriumMuscle] grac_l
2025-10-16 14:39:22.425 | INFO     | myoconverter.xml.parsers:parse:59 - [PathPointParser: PathPoint] grac_l-P1
2025-10-16 14:39:22.425 | INFO     | myoconverter.xml.parsers:parse:59 - [PathPointParser: PathPoint] grac_l-P2
2025-10-16 14:39:22.425 | INFO     | myoconverter.xml.parsers:parse:59 - [PathPointParser: PathPoint] grac_l-P3
2025-10-16 14:39:22.425 | INFO     | myoconverter.xml.parsers:parse:59 - [PathWrapSetParser: PathWrapSet] 
2025-10-16 14:39:22.426 | INFO     | myoconverter.xml.parsers:parse:59 - [PathWrapParser: PathWrap] pathwrap
2025-10-16 14:39:22.426 | INFO     | myoconverter.xml.parsers:parse:59 - [ForceParser: Millard2012EquilibriumMuscle] iliacus_l
2025-10-16 14:39:22.427 | INFO     | myoconverter.xml.parsers:parse:59 - [PathPointParser: PathPoint] iliacus_l-P1
2025-10-16 14:39:22.427 | INFO     | myoconverter.xml.parsers:parse:59 - [PathPointParser: PathPoint] iliacus_l-P2
2025-10-16 14:39:22.427 | INFO     | myoconverter.xml.parsers:parse:59 - [PathPointParser: PathPoint] iliacus_l-P3
2025-10-16 14:39:22.427 | INFO     | myoconverter.xml.parsers:parse:59 - [PathPointParser: PathPoint] iliacus_l-P4
2025-10-16 14:39:22.427 | INFO     | myoconverter.xml.parsers:parse:59 - [PathWrapSetParser: PathWrapSet] 
2025-10-16 14:39:22.427 | INFO     | myoconverter.xml.parsers:parse:59 - [PathWrapParser: PathWrap] pathwrap
2025-10-16 14:39:22.427 | INFO     | myoconverter.xml.parsers:parse:59 - [ForceParser: Millard2012EquilibriumMuscle] perbrev_l
2025-10-16 14:39:22.428 | INFO     | myoconverter.xml.parsers:parse:59 - [PathPointParser: PathPoint] perbrev_l-P1
2025-10-16 14:39:22.428 | INFO     | myoconverter.xml.parsers:parse:59 - [PathPointParser: PathPoint] perbrev_l-P2
2025-10-16 14:39:22.428 | INFO     | myoconverter.xml.parsers:parse:59 - [PathPointParser: PathPoint] perbrev_l-P3
2025-10-16 14:39:22.428 | INFO     | myoconverter.xml.parsers:parse:59 - [PathPointParser: PathPoint] perbrev_l-P4
2025-10-16 14:39:22.428 | INFO     | myoconverter.xml.parsers:parse:59 - [PathPointParser: PathPoint] perbrev_l-P5
2025-10-16 14:39:22.428 | INFO     | myoconverter.xml.parsers:parse:59 - [PathWrapSetParser: PathWrapSet] 
2025-10-16 14:39:22.428 | INFO     | myoconverter.xml.parsers:parse:59 - [ForceParser: Millard2012EquilibriumMuscle] perlong_l
2025-10-16 14:39:22.428 | INFO     | myoconverter.xml.parsers:parse:59 - [PathPointParser: PathPoint] perlong_l-P1
2025-10-16 14:39:22.428 | INFO     | myoconverter.xml.parsers:parse:59 - [PathPointParser: PathPoint] perlong_l-P2
2025-10-16 14:39:22.428 | INFO     | myoconverter.xml.parsers:parse:59 - [PathPointParser: PathPoint] perlong_l-P3
2025-10-16 14:39:22.429 | INFO     | myoconverter.xml.parsers:parse:59 - [PathPointParser: PathPoint] perlong_l-P4
2025-10-16 14:39:22.429 | INFO     | myoconverter.xml.parsers:parse:59 - [PathPointParser: PathPoint] perlong_l-P5
2025-10-16 14:39:22.429 | INFO     | myoconverter.xml.parsers:parse:59 - [PathPointParser: PathPoint] perlong_l-P6
2025-10-16 14:39:22.429 | INFO     | myoconverter.xml.parsers:parse:59 - [PathPointParser: PathPoint] perlong_l-P7
2025-10-16 14:39:22.429 | INFO     | myoconverter.xml.parsers:parse:59 - [PathWrapSetParser: PathWrapSet] 
2025-10-16 14:39:22.429 | INFO     | myoconverter.xml.parsers:parse:59 - [ForceParser: Millard2012EquilibriumMuscle] piri_l
2025-10-16 14:39:22.429 | INFO     | myoconverter.xml.parsers:parse:59 - [PathPointParser: PathPoint] piri_l-P1
2025-10-16 14:39:22.429 | INFO     | myoconverter.xml.parsers:parse:59 - [PathPointParser: PathPoint] piri_l-P2
2025-10-16 14:39:22.429 | INFO     | myoconverter.xml.parsers:parse:59 - [PathPointParser: PathPoint] piri_l-P3
2025-10-16 14:39:22.429 | INFO     | myoconverter.xml.parsers:parse:59 - [PathWrapSetParser: PathWrapSet] 
2025-10-16 14:39:22.429 | INFO     | myoconverter.xml.parsers:parse:59 - [ForceParser: Millard2012EquilibriumMuscle] psoas_l
2025-10-16 14:39:22.430 | INFO     | myoconverter.xml.parsers:parse:59 - [PathPointParser: PathPoint] psoas_l-P1
2025-10-16 14:39:22.430 | INFO     | myoconverter.xml.parsers:parse:59 - [PathPointParser: PathPoint] psoas_l-P2
2025-10-16 14:39:22.430 | INFO     | myoconverter.xml.parsers:parse:59 - [PathPointParser: PathPoint] psoas_l-P3
2025-10-16 14:39:22.430 | INFO     | myoconverter.xml.parsers:parse:59 - [PathPointParser: PathPoint] psoas_l-P4
2025-10-16 14:39:22.430 | INFO     | myoconverter.xml.parsers:parse:59 - [PathWrapSetParser: PathWrapSet] 
2025-10-16 14:39:22.430 | INFO     | myoconverter.xml.parsers:parse:59 - [PathWrapParser: PathWrap] pathwrap
2025-10-16 14:39:22.430 | INFO     | myoconverter.xml.parsers:parse:59 - [ForceParser: Millard2012EquilibriumMuscle] recfem_l
2025-10-16 14:39:22.431 | INFO     | myoconverter.xml.parsers:parse:59 - [PathPointParser: PathPoint] recfem_l-P1
2025-10-16 14:39:22.431 | INFO     | myoconverter.xml.parsers:parse:59 - [PathPointParser: PathPoint] recfem_l-P2
2025-10-16 14:39:22.431 | INFO     | myoconverter.xml.parsers:parse:59 - [PathPointParser: PathPoint] recfem_l-P3
2025-10-16 14:39:22.431 | INFO     | myoconverter.xml.parsers:parse:59 - [PathPointParser: PathPoint] recfem_l-P4
2025-10-16 14:39:22.431 | INFO     | myoconverter.xml.parsers:parse:59 - [PathPointParser: PathPoint] recfem_l-P5
2025-10-16 14:39:22.431 | INFO     | myoconverter.xml.parsers:parse:59 - [PathWrapSetParser: PathWrapSet] 
2025-10-16 14:39:22.431 | INFO     | myoconverter.xml.parsers:parse:59 - [PathWrapParser: PathWrap] pathwrap
2025-10-16 14:39:22.432 | INFO     | myoconverter.xml.parsers:parse:59 - [ForceParser: Millard2012EquilibriumMuscle] sart_l
2025-10-16 14:39:22.433 | INFO     | myoconverter.xml.parsers:parse:59 - [PathPointParser: PathPoint] sart_l-P1
2025-10-16 14:39:22.433 | INFO     | myoconverter.xml.parsers:parse:59 - [PathPointParser: PathPoint] sart_l-P2
2025-10-16 14:39:22.433 | INFO     | myoconverter.xml.parsers:parse:59 - [PathPointParser: PathPoint] sart_l-P3
2025-10-16 14:39:22.433 | INFO     | myoconverter.xml.parsers:parse:59 - [PathPointParser: PathPoint] sart_l-P4
2025-10-16 14:39:22.433 | INFO     | myoconverter.xml.parsers:parse:59 - [PathPointParser: PathPoint] sart_l-P5
2025-10-16 14:39:22.433 | INFO     | myoconverter.xml.parsers:parse:59 - [PathWrapSetParser: PathWrapSet] 
2025-10-16 14:39:22.433 | INFO     | myoconverter.xml.parsers:parse:59 - [ForceParser: Millard2012EquilibriumMuscle] semimem_l
2025-10-16 14:39:22.433 | INFO     | myoconverter.xml.parsers:parse:59 - [PathPointParser: PathPoint] semimem_l-P1
2025-10-16 14:39:22.433 | INFO     | myoconverter.xml.parsers:parse:59 - [PathPointParser: PathPoint] semimem_l-P2
2025-10-16 14:39:22.433 | INFO     | myoconverter.xml.parsers:parse:59 - [PathWrapSetParser: PathWrapSet] 
2025-10-16 14:39:22.433 | INFO     | myoconverter.xml.parsers:parse:59 - [PathWrapParser: PathWrap] pathwrap
2025-10-16 14:39:22.434 | INFO     | myoconverter.xml.parsers:parse:59 - [ForceParser: Millard2012EquilibriumMuscle] semiten_l
2025-10-16 14:39:22.434 | INFO     | myoconverter.xml.parsers:parse:59 - [PathPointParser: PathPoint] semiten_l-P1
2025-10-16 14:39:22.434 | INFO     | myoconverter.xml.parsers:parse:59 - [PathPointParser: PathPoint] semiten_l-P2
2025-10-16 14:39:22.434 | INFO     | myoconverter.xml.parsers:parse:59 - [PathPointParser: PathPoint] semiten_l-P3
2025-10-16 14:39:22.434 | INFO     | myoconverter.xml.parsers:parse:59 - [PathWrapSetParser: PathWrapSet] 
2025-10-16 14:39:22.435 | INFO     | myoconverter.xml.parsers:parse:59 - [PathWrapParser: PathWrap] pathwrap
2025-10-16 14:39:22.435 | INFO     | myoconverter.xml.parsers:parse:59 - [ForceParser: Millard2012EquilibriumMuscle] soleus_l
2025-10-16 14:39:22.436 | INFO     | myoconverter.xml.parsers:parse:59 - [PathPointParser: PathPoint] soleus_l-P1
2025-10-16 14:39:22.436 | INFO     | myoconverter.xml.parsers:parse:59 - [PathPointParser: PathPoint] soleus_l-P2
2025-10-16 14:39:22.436 | INFO     | myoconverter.xml.parsers:parse:59 - [PathWrapSetParser: PathWrapSet] 
2025-10-16 14:39:22.436 | INFO     | myoconverter.xml.parsers:parse:59 - [ForceParser: Millard2012EquilibriumMuscle] tfl_l
2025-10-16 14:39:22.436 | INFO     | myoconverter.xml.parsers:parse:59 - [PathPointParser: PathPoint] tfl_l-P1
2025-10-16 14:39:22.436 | INFO     | myoconverter.xml.parsers:parse:59 - [PathPointParser: PathPoint] tfl_l-P2
2025-10-16 14:39:22.436 | INFO     | myoconverter.xml.parsers:parse:59 - [PathPointParser: PathPoint] tfl_l-P3
2025-10-16 14:39:22.436 | INFO     | myoconverter.xml.parsers:parse:59 - [PathPointParser: PathPoint] tfl_l-P4
2025-10-16 14:39:22.436 | INFO     | myoconverter.xml.parsers:parse:59 - [PathWrapSetParser: PathWrapSet] 
2025-10-16 14:39:22.436 | INFO     | myoconverter.xml.parsers:parse:59 - [ForceParser: Millard2012EquilibriumMuscle] tibant_l
2025-10-16 14:39:22.437 | INFO     | myoconverter.xml.parsers:parse:59 - [PathPointParser: PathPoint] tibant_l-P1
2025-10-16 14:39:22.437 | INFO     | myoconverter.xml.parsers:parse:59 - [PathPointParser: PathPoint] tibant_l-P2
2025-10-16 14:39:22.437 | INFO     | myoconverter.xml.parsers:parse:59 - [PathPointParser: PathPoint] tibant_l-P3
2025-10-16 14:39:22.437 | INFO     | myoconverter.xml.parsers:parse:59 - [PathPointParser: PathPoint] tibant_l-P4
2025-10-16 14:39:22.437 | INFO     | myoconverter.xml.parsers:parse:59 - [PathWrapSetParser: PathWrapSet] 
2025-10-16 14:39:22.437 | INFO     | myoconverter.xml.parsers:parse:59 - [ForceParser: Millard2012EquilibriumMuscle] tibpost_l
2025-10-16 14:39:22.437 | INFO     | myoconverter.xml.parsers:parse:59 - [PathPointParser: PathPoint] tibpost_l-P1
2025-10-16 14:39:22.437 | INFO     | myoconverter.xml.parsers:parse:59 - [PathPointParser: PathPoint] tibpost_l-P2
2025-10-16 14:39:22.437 | INFO     | myoconverter.xml.parsers:parse:59 - [PathPointParser: PathPoint] tibpost_l-P3
2025-10-16 14:39:22.437 | INFO     | myoconverter.xml.parsers:parse:59 - [PathPointParser: PathPoint] tibpost_l-P4
2025-10-16 14:39:22.437 | INFO     | myoconverter.xml.parsers:parse:59 - [PathWrapSetParser: PathWrapSet] 
2025-10-16 14:39:22.437 | INFO     | myoconverter.xml.parsers:parse:59 - [ForceParser: Millard2012EquilibriumMuscle] vasint_l
2025-10-16 14:39:22.438 | INFO     | myoconverter.xml.parsers:parse:59 - [PathPointParser: PathPoint] vasint_l-P1
2025-10-16 14:39:22.438 | INFO     | myoconverter.xml.parsers:parse:59 - [PathPointParser: PathPoint] vasint_l-P2
2025-10-16 14:39:22.438 | INFO     | myoconverter.xml.parsers:parse:59 - [PathPointParser: PathPoint] vasint_l-P3
2025-10-16 14:39:22.438 | INFO     | myoconverter.xml.parsers:parse:59 - [PathPointParser: PathPoint] vasint_l-P4
2025-10-16 14:39:22.438 | INFO     | myoconverter.xml.parsers:parse:59 - [PathPointParser: PathPoint] vasint_l-P5
2025-10-16 14:39:22.438 | INFO     | myoconverter.xml.parsers:parse:59 - [PathWrapSetParser: PathWrapSet] 
2025-10-16 14:39:22.438 | INFO     | myoconverter.xml.parsers:parse:59 - [PathWrapParser: PathWrap] pathwrap
2025-10-16 14:39:22.439 | INFO     | myoconverter.xml.parsers:parse:59 - [ForceParser: Millard2012EquilibriumMuscle] vaslat_l
2025-10-16 14:39:22.440 | INFO     | myoconverter.xml.parsers:parse:59 - [PathPointParser: PathPoint] vaslat_l-P1
2025-10-16 14:39:22.440 | INFO     | myoconverter.xml.parsers:parse:59 - [PathPointParser: PathPoint] vaslat_l-P2
2025-10-16 14:39:22.440 | INFO     | myoconverter.xml.parsers:parse:59 - [PathPointParser: PathPoint] vaslat_l-P3
2025-10-16 14:39:22.440 | INFO     | myoconverter.xml.parsers:parse:59 - [PathPointParser: PathPoint] vaslat_l-P4
2025-10-16 14:39:22.440 | INFO     | myoconverter.xml.parsers:parse:59 - [PathPointParser: PathPoint] vaslat_l-P5
2025-10-16 14:39:22.440 | INFO     | myoconverter.xml.parsers:parse:59 - [PathWrapSetParser: PathWrapSet] 
2025-10-16 14:39:22.440 | INFO     | myoconverter.xml.parsers:parse:59 - [PathWrapParser: PathWrap] pathwrap
2025-10-16 14:39:22.441 | INFO     | myoconverter.xml.parsers:parse:59 - [ForceParser: Millard2012EquilibriumMuscle] vasmed_l
2025-10-16 14:39:22.442 | INFO     | myoconverter.xml.parsers:parse:59 - [PathPointParser: PathPoint] vasmed_l-P1
2025-10-16 14:39:22.442 | INFO     | myoconverter.xml.parsers:parse:59 - [PathPointParser: PathPoint] vasmed_l-P2
2025-10-16 14:39:22.442 | INFO     | myoconverter.xml.parsers:parse:59 - [PathPointParser: PathPoint] vasmed_l-P3
2025-10-16 14:39:22.442 | INFO     | myoconverter.xml.parsers:parse:59 - [PathPointParser: PathPoint] vasmed_l-P4
2025-10-16 14:39:22.442 | INFO     | myoconverter.xml.parsers:parse:59 - [PathPointParser: PathPoint] vasmed_l-P5
2025-10-16 14:39:22.442 | INFO     | myoconverter.xml.parsers:parse:59 - [PathWrapSetParser: PathWrapSet] 
2025-10-16 14:39:22.442 | INFO     | myoconverter.xml.parsers:parse:59 - [PathWrapParser: PathWrap] pathwrap
2025-10-16 14:39:22.443 | INFO     | myoconverter.xml.parsers:parse:59 - [ForceParser: CoordinateActuator] lumbar_ext
2025-10-16 14:39:22.444 | INFO     | myoconverter.xml.parsers:parse:59 - [ForceParser: CoordinateActuator] lumbar_bend
2025-10-16 14:39:22.444 | INFO     | myoconverter.xml.parsers:parse:59 - [ForceParser: CoordinateActuator] lumbar_rot
2025-10-16 14:39:22.444 | INFO     | myoconverter.xml.converter:_parse_markers:165 - Starting to parse markers
2025-10-16 14:39:22.444 | INFO     | myoconverter.xml.parsers:parse:59 - [MarkerParser: Marker] RASI
2025-10-16 14:39:22.444 | INFO     | myoconverter.xml.parsers:parse:59 - [MarkerParser: Marker] LASI
2025-10-16 14:39:22.444 | INFO     | myoconverter.xml.parsers:parse:59 - [MarkerParser: Marker] CLAV
2025-10-16 14:39:22.444 | INFO     | myoconverter.xml.parsers:parse:59 - [MarkerParser: Marker] RSHO
2025-10-16 14:39:22.444 | INFO     | myoconverter.xml.parsers:parse:59 - [MarkerParser: Marker] LSHO
2025-10-16 14:39:22.444 | INFO     | myoconverter.xml.parsers:parse:59 - [MarkerParser: Marker] RKNE
2025-10-16 14:39:22.445 | INFO     | myoconverter.xml.parsers:parse:59 - [MarkerParser: Marker] RKNEmed
2025-10-16 14:39:22.445 | INFO     | myoconverter.xml.parsers:parse:59 - [MarkerParser: Marker] RTHI
2025-10-16 14:39:22.445 | INFO     | myoconverter.xml.parsers:parse:59 - [MarkerParser: Marker] RTHI2
2025-10-16 14:39:22.445 | INFO     | myoconverter.xml.parsers:parse:59 - [MarkerParser: Marker] RTHI3
2025-10-16 14:39:22.445 | INFO     | myoconverter.xml.parsers:parse:59 - [MarkerParser: Marker] RANK
2025-10-16 14:39:22.445 | INFO     | myoconverter.xml.parsers:parse:59 - [MarkerParser: Marker] RANKmed
2025-10-16 14:39:22.445 | INFO     | myoconverter.xml.parsers:parse:59 - [MarkerParser: Marker] RTIB
2025-10-16 14:39:22.445 | INFO     | myoconverter.xml.parsers:parse:59 - [MarkerParser: Marker] RTIB2
2025-10-16 14:39:22.445 | INFO     | myoconverter.xml.parsers:parse:59 - [MarkerParser: Marker] RTIB3
2025-10-16 14:39:22.445 | INFO     | myoconverter.xml.parsers:parse:59 - [MarkerParser: Marker] RTOE
2025-10-16 14:39:22.445 | INFO     | myoconverter.xml.parsers:parse:59 - [MarkerParser: Marker] RHEE
2025-10-16 14:39:22.446 | INFO     | myoconverter.xml.parsers:parse:59 - [MarkerParser: Marker] RLatFoot
2025-10-16 14:39:22.446 | INFO     | myoconverter.xml.parsers:parse:59 - [MarkerParser: Marker] LKNE
2025-10-16 14:39:22.446 | INFO     | myoconverter.xml.parsers:parse:59 - [MarkerParser: Marker] LKNEmed
2025-10-16 14:39:22.446 | INFO     | myoconverter.xml.parsers:parse:59 - [MarkerParser: Marker] LTHI
2025-10-16 14:39:22.446 | INFO     | myoconverter.xml.parsers:parse:59 - [MarkerParser: Marker] LTHI2
2025-10-16 14:39:22.446 | INFO     | myoconverter.xml.parsers:parse:59 - [MarkerParser: Marker] LTHI3
2025-10-16 14:39:22.446 | INFO     | myoconverter.xml.parsers:parse:59 - [MarkerParser: Marker] LANK
2025-10-16 14:39:22.446 | INFO     | myoconverter.xml.parsers:parse:59 - [MarkerParser: Marker] LANKmed
2025-10-16 14:39:22.446 | INFO     | myoconverter.xml.parsers:parse:59 - [MarkerParser: Marker] LTIB
2025-10-16 14:39:22.446 | INFO     | myoconverter.xml.parsers:parse:59 - [MarkerParser: Marker] LTIB2
2025-10-16 14:39:22.446 | INFO     | myoconverter.xml.parsers:parse:59 - [MarkerParser: Marker] LTIB3
2025-10-16 14:39:22.447 | INFO     | myoconverter.xml.parsers:parse:59 - [MarkerParser: Marker] LTOE
2025-10-16 14:39:22.447 | INFO     | myoconverter.xml.parsers:parse:59 - [MarkerParser: Marker] LHEE
2025-10-16 14:39:22.447 | INFO     | myoconverter.xml.parsers:parse:59 - [MarkerParser: Marker] LLatFoot
2025-10-16 14:39:22.447 | INFO     | myoconverter.xml.parsers:parse:59 - [MarkerParser: Marker] RPSI
2025-10-16 14:39:22.447 | INFO     | myoconverter.xml.parsers:parse:59 - [MarkerParser: Marker] LPSI
2025-10-16 14:39:22.447 | INFO     | myoconverter.xml.parsers:parse:59 - [MarkerParser: Marker] SACR
2025-10-16 14:39:22.447 | INFO     | myoconverter.xml.parsers:parse:59 - [MarkerParser: Marker] C7
2025-10-16 14:39:22.447 | INFO     | myoconverter.xml.parsers:parse:59 - [MarkerParser: Marker] T10
2025-10-16 14:39:22.447 | INFO     | myoconverter.xml.parsers:parse:59 - [MarkerParser: Marker] RBAK
2025-10-16 14:39:22.447 | INFO     | myoconverter.xml.parsers:parse:59 - [MarkerParser: Marker] STRN
2025-10-16 14:39:22.447 | INFO     | myoconverter.xml.converter:_set_keyframe:176 - Setting the default keyframe
2025-10-16 14:39:22.448 | INFO     | myoconverter.xml.converter:convert:65 - Writing the converted model into /home/mobl/Documents/Classwork/BioSimClass/ConvertOpenSimToMJX/Results/scaled_model_cvt1.xml
2025-10-16 14:39:22.448 | INFO     | myoconverter.xml.converter:convert:68 - All good, conversion procedure is finished
2025-10-16 14:39:22.449 | INFO     | myoconverter.conversion_steps.O2MSteps:PipelineExecution:126 - Finished step 1 conversion - cvt1.
2025-10-16 14:39:22.449 | INFO     | myoconverter.conversion_steps.O2MSteps:PipelineExecution:132 - Started step 1 validation - val1.
2025-10-16 14:39:22.449 | INFO     | myoconverter.conversion_steps.O2MStep1:vlt1_forwardKinematicsValidation:123 - Extract marker names (as endpoints) from osim model
2025-10-16 14:39:22.470 | INFO     | myoconverter.conversion_steps.O2MStep1:vlt1_forwardKinematicsValidation:145 - Get the endpoint locations by meshing the joint angles within the range limits
2025-10-16 14:39:23.449 | INFO     | myoconverter.conversion_steps.O2MStep1:vlt1_forwardKinematicsValidation:152 - Check if the joint motion ranges are the same between Osim and Mjc models
2025-10-16 14:39:23.450 | INFO     | myoconverter.conversion_steps.O2MStep1:vlt1_forwardKinematicsValidation:172 - Finished with joint operation range check. Saved Results
2025-10-16 14:39:23.450 | INFO     | myoconverter.conversion_steps.O2MStep1:endPointsPlot:180 - Plot each endpoint's location errors in x, y, z.
2025-10-16 14:39:23.450 | INFO     | myoconverter.conversion_steps.O2MStep1:endPointsPlot:192 - Endpoint : RASI
2025-10-16 14:39:23.510 | INFO     | myoconverter.conversion_steps.O2MStep1:endPointsPlot:192 - Endpoint : LASI
2025-10-16 14:39:23.617 | INFO     | myoconverter.conversion_steps.O2MStep1:endPointsPlot:192 - Endpoint : CLAV
2025-10-16 14:39:23.671 | INFO     | myoconverter.conversion_steps.O2MStep1:endPointsPlot:192 - Endpoint : RSHO
2025-10-16 14:39:23.725 | INFO     | myoconverter.conversion_steps.O2MStep1:endPointsPlot:192 - Endpoint : LSHO
2025-10-16 14:39:23.778 | INFO     | myoconverter.conversion_steps.O2MStep1:endPointsPlot:192 - Endpoint : RKNE
2025-10-16 14:39:23.832 | INFO     | myoconverter.conversion_steps.O2MStep1:endPointsPlot:192 - Endpoint : RKNEmed
2025-10-16 14:39:23.885 | INFO     | myoconverter.conversion_steps.O2MStep1:endPointsPlot:192 - Endpoint : RTHI
2025-10-16 14:39:23.939 | INFO     | myoconverter.conversion_steps.O2MStep1:endPointsPlot:192 - Endpoint : RTHI2
2025-10-16 14:39:23.993 | INFO     | myoconverter.conversion_steps.O2MStep1:endPointsPlot:192 - Endpoint : RTHI3
2025-10-16 14:39:24.108 | INFO     | myoconverter.conversion_steps.O2MStep1:endPointsPlot:192 - Endpoint : RANK
2025-10-16 14:39:24.164 | INFO     | myoconverter.conversion_steps.O2MStep1:endPointsPlot:192 - Endpoint : RANKmed
2025-10-16 14:39:24.219 | INFO     | myoconverter.conversion_steps.O2MStep1:endPointsPlot:192 - Endpoint : RTIB
2025-10-16 14:39:24.272 | INFO     | myoconverter.conversion_steps.O2MStep1:endPointsPlot:192 - Endpoint : RTIB2
2025-10-16 14:39:24.325 | INFO     | myoconverter.conversion_steps.O2MStep1:endPointsPlot:192 - Endpoint : RTIB3
2025-10-16 14:39:24.378 | INFO     | myoconverter.conversion_steps.O2MStep1:endPointsPlot:192 - Endpoint : RTOE
2025-10-16 14:39:24.431 | INFO     | myoconverter.conversion_steps.O2MStep1:endPointsPlot:192 - Endpoint : RHEE
2025-10-16 14:39:24.549 | INFO     | myoconverter.conversion_steps.O2MStep1:endPointsPlot:192 - Endpoint : RLatFoot
2025-10-16 14:39:24.602 | INFO     | myoconverter.conversion_steps.O2MStep1:endPointsPlot:192 - Endpoint : LKNE
2025-10-16 14:39:24.655 | INFO     | myoconverter.conversion_steps.O2MStep1:endPointsPlot:192 - Endpoint : LKNEmed
2025-10-16 14:39:24.708 | INFO     | myoconverter.conversion_steps.O2MStep1:endPointsPlot:192 - Endpoint : LTHI
2025-10-16 14:39:24.761 | INFO     | myoconverter.conversion_steps.O2MStep1:endPointsPlot:192 - Endpoint : LTHI2
2025-10-16 14:39:24.814 | INFO     | myoconverter.conversion_steps.O2MStep1:endPointsPlot:192 - Endpoint : LTHI3
2025-10-16 14:39:24.867 | INFO     | myoconverter.conversion_steps.O2MStep1:endPointsPlot:192 - Endpoint : LANK
2025-10-16 14:39:24.921 | INFO     | myoconverter.conversion_steps.O2MStep1:endPointsPlot:192 - Endpoint : LANKmed
2025-10-16 14:39:25.036 | INFO     | myoconverter.conversion_steps.O2MStep1:endPointsPlot:192 - Endpoint : LTIB
2025-10-16 14:39:25.090 | INFO     | myoconverter.conversion_steps.O2MStep1:endPointsPlot:192 - Endpoint : LTIB2
2025-10-16 14:39:25.143 | INFO     | myoconverter.conversion_steps.O2MStep1:endPointsPlot:192 - Endpoint : LTIB3
2025-10-16 14:39:25.197 | INFO     | myoconverter.conversion_steps.O2MStep1:endPointsPlot:192 - Endpoint : LTOE
2025-10-16 14:39:25.250 | INFO     | myoconverter.conversion_steps.O2MStep1:endPointsPlot:192 - Endpoint : LHEE
2025-10-16 14:39:25.303 | INFO     | myoconverter.conversion_steps.O2MStep1:endPointsPlot:192 - Endpoint : LLatFoot
2025-10-16 14:39:25.356 | INFO     | myoconverter.conversion_steps.O2MStep1:endPointsPlot:192 - Endpoint : RPSI
2025-10-16 14:39:25.409 | INFO     | myoconverter.conversion_steps.O2MStep1:endPointsPlot:192 - Endpoint : LPSI
2025-10-16 14:39:25.522 | INFO     | myoconverter.conversion_steps.O2MStep1:endPointsPlot:192 - Endpoint : SACR
2025-10-16 14:39:25.574 | INFO     | myoconverter.conversion_steps.O2MStep1:endPointsPlot:192 - Endpoint : C7
2025-10-16 14:39:25.627 | INFO     | myoconverter.conversion_steps.O2MStep1:endPointsPlot:192 - Endpoint : T10
2025-10-16 14:39:25.680 | INFO     | myoconverter.conversion_steps.O2MStep1:endPointsPlot:192 - Endpoint : RBAK
2025-10-16 14:39:25.732 | INFO     | myoconverter.conversion_steps.O2MStep1:endPointsPlot:192 - Endpoint : STRN
2025-10-16 14:39:25.786 | INFO     | myoconverter.conversion_steps.O2MStep1:endPointsPlot:256 - Generate overall error Bar plot
2025-10-16 14:39:25.960 | INFO     | myoconverter.conversion_steps.O2MSteps:PipelineExecution:142 - Finished step 1 validation - val1.
2025-10-16 14:39:25.960 | INFO     | myoconverter.conversion_steps.O2MSteps:PipelineExecution:175 - xxx_cvt2 model does not exist, start from xxx_cvt1
2025-10-16 14:39:26.023 | INFO     | myoconverter.conversion_steps.O2MStep2:__init__:102 - Overwrite command confirmed
2025-10-16 14:39:26.023 | INFO     | myoconverter.conversion_steps.O2MStep2:__init__:103 - Generating MA data from OsimMuscleStates, may take a while
2025-10-16 14:39:26.023 | INFO     | myoconverter.optimization.model_states.OsimMuscleStates:getWrapingCoords:65 - Extract the joints that muscle wrapped over from Osim model
2025-10-16 14:39:34.119 | INFO     | myoconverter.optimization.model_states.OsimMuscleStates:getMomentArms:163 - Calculate moment arms from Osim model
2025-10-16 14:39:34.120 | INFO     | myoconverter.optimization.model_states.OsimMuscleStates:getMomentArms:168 - Muscle: addbrev_r
2025-10-16 14:39:39.635 | INFO     | myoconverter.optimization.model_states.OsimMuscleStates:getMomentArms:168 - Muscle: addlong_r
2025-10-16 14:39:45.116 | INFO     | myoconverter.optimization.model_states.OsimMuscleStates:getMomentArms:168 - Muscle: addmagDist_r
2025-10-16 14:39:50.615 | INFO     | myoconverter.optimization.model_states.OsimMuscleStates:getMomentArms:168 - Muscle: addmagIsch_r
2025-10-16 14:39:56.111 | INFO     | myoconverter.optimization.model_states.OsimMuscleStates:getMomentArms:168 - Muscle: addmagMid_r
2025-10-16 14:40:01.622 | INFO     | myoconverter.optimization.model_states.OsimMuscleStates:getMomentArms:168 - Muscle: addmagProx_r
2025-10-16 14:40:07.146 | INFO     | myoconverter.optimization.model_states.OsimMuscleStates:getMomentArms:168 - Muscle: bflh_r
2025-10-16 14:40:21.689 | INFO     | myoconverter.optimization.model_states.OsimMuscleStates:getMomentArms:168 - Muscle: bfsh_r
2025-10-16 14:40:21.840 | INFO     | myoconverter.optimization.model_states.OsimMuscleStates:getMomentArms:168 - Muscle: edl_r
2025-10-16 14:40:23.164 | INFO     | myoconverter.optimization.model_states.OsimMuscleStates:getMomentArms:168 - Muscle: ehl_r
2025-10-16 14:40:24.490 | INFO     | myoconverter.optimization.model_states.OsimMuscleStates:getMomentArms:168 - Muscle: fdl_r
2025-10-16 14:40:25.813 | INFO     | myoconverter.optimization.model_states.OsimMuscleStates:getMomentArms:168 - Muscle: fhl_r
2025-10-16 14:40:27.139 | INFO     | myoconverter.optimization.model_states.OsimMuscleStates:getMomentArms:168 - Muscle: gaslat_r
2025-10-16 14:40:33.179 | INFO     | myoconverter.optimization.model_states.OsimMuscleStates:getMomentArms:168 - Muscle: gasmed_r
2025-10-16 14:40:39.226 | INFO     | myoconverter.optimization.model_states.OsimMuscleStates:getMomentArms:168 - Muscle: glmax1_r
2025-10-16 14:40:44.768 | INFO     | myoconverter.optimization.model_states.OsimMuscleStates:getMomentArms:168 - Muscle: glmax2_r
2025-10-16 14:40:50.326 | INFO     | myoconverter.optimization.model_states.OsimMuscleStates:getMomentArms:168 - Muscle: glmax3_r
2025-10-16 14:40:55.907 | INFO     | myoconverter.optimization.model_states.OsimMuscleStates:getMomentArms:168 - Muscle: glmed1_r
2025-10-16 14:41:01.437 | INFO     | myoconverter.optimization.model_states.OsimMuscleStates:getMomentArms:168 - Muscle: glmed2_r
2025-10-16 14:41:06.970 | INFO     | myoconverter.optimization.model_states.OsimMuscleStates:getMomentArms:168 - Muscle: glmed3_r
2025-10-16 14:41:12.499 | INFO     | myoconverter.optimization.model_states.OsimMuscleStates:getMomentArms:168 - Muscle: glmin1_r
2025-10-16 14:41:18.046 | INFO     | myoconverter.optimization.model_states.OsimMuscleStates:getMomentArms:168 - Muscle: glmin2_r
2025-10-16 14:41:23.583 | INFO     | myoconverter.optimization.model_states.OsimMuscleStates:getMomentArms:168 - Muscle: glmin3_r
2025-10-16 14:41:29.132 | INFO     | myoconverter.optimization.model_states.OsimMuscleStates:getMomentArms:168 - Muscle: grac_r
2025-10-16 14:41:43.666 | INFO     | myoconverter.optimization.model_states.OsimMuscleStates:getMomentArms:168 - Muscle: iliacus_r
2025-10-16 14:41:49.204 | INFO     | myoconverter.optimization.model_states.OsimMuscleStates:getMomentArms:168 - Muscle: perbrev_r
2025-10-16 14:41:50.530 | INFO     | myoconverter.optimization.model_states.OsimMuscleStates:getMomentArms:168 - Muscle: perlong_r
2025-10-16 14:41:51.855 | INFO     | myoconverter.optimization.model_states.OsimMuscleStates:getMomentArms:168 - Muscle: piri_r
2025-10-16 14:41:57.379 | INFO     | myoconverter.optimization.model_states.OsimMuscleStates:getMomentArms:168 - Muscle: psoas_r
2025-10-16 14:42:02.907 | INFO     | myoconverter.optimization.model_states.OsimMuscleStates:getMomentArms:168 - Muscle: recfem_r
2025-10-16 14:42:17.441 | INFO     | myoconverter.optimization.model_states.OsimMuscleStates:getMomentArms:168 - Muscle: sart_r
2025-10-16 14:42:23.121 | INFO     | myoconverter.optimization.model_states.OsimMuscleStates:getMomentArms:168 - Muscle: semimem_r
2025-10-16 14:42:37.646 | INFO     | myoconverter.optimization.model_states.OsimMuscleStates:getMomentArms:168 - Muscle: semiten_r
2025-10-16 14:42:52.198 | INFO     | myoconverter.optimization.model_states.OsimMuscleStates:getMomentArms:168 - Muscle: soleus_r
2025-10-16 14:42:53.528 | INFO     | myoconverter.optimization.model_states.OsimMuscleStates:getMomentArms:168 - Muscle: tfl_r
2025-10-16 14:42:59.209 | INFO     | myoconverter.optimization.model_states.OsimMuscleStates:getMomentArms:168 - Muscle: tibant_r
2025-10-16 14:43:00.537 | INFO     | myoconverter.optimization.model_states.OsimMuscleStates:getMomentArms:168 - Muscle: tibpost_r
2025-10-16 14:43:01.862 | INFO     | myoconverter.optimization.model_states.OsimMuscleStates:getMomentArms:168 - Muscle: vasint_r
2025-10-16 14:43:02.013 | INFO     | myoconverter.optimization.model_states.OsimMuscleStates:getMomentArms:168 - Muscle: vaslat_r
2025-10-16 14:43:02.164 | INFO     | myoconverter.optimization.model_states.OsimMuscleStates:getMomentArms:168 - Muscle: vasmed_r
2025-10-16 14:43:02.314 | INFO     | myoconverter.optimization.model_states.OsimMuscleStates:getMomentArms:168 - Muscle: addbrev_l
2025-10-16 14:43:07.863 | INFO     | myoconverter.optimization.model_states.OsimMuscleStates:getMomentArms:168 - Muscle: addlong_l
2025-10-16 14:43:13.409 | INFO     | myoconverter.optimization.model_states.OsimMuscleStates:getMomentArms:168 - Muscle: addmagDist_l
2025-10-16 14:43:18.957 | INFO     | myoconverter.optimization.model_states.OsimMuscleStates:getMomentArms:168 - Muscle: addmagIsch_l
2025-10-16 14:43:24.501 | INFO     | myoconverter.optimization.model_states.OsimMuscleStates:getMomentArms:168 - Muscle: addmagMid_l
2025-10-16 14:43:30.074 | INFO     | myoconverter.optimization.model_states.OsimMuscleStates:getMomentArms:168 - Muscle: addmagProx_l
2025-10-16 14:43:35.609 | INFO     | myoconverter.optimization.model_states.OsimMuscleStates:getMomentArms:168 - Muscle: bflh_l
2025-10-16 14:43:50.287 | INFO     | myoconverter.optimization.model_states.OsimMuscleStates:getMomentArms:168 - Muscle: bfsh_l
2025-10-16 14:43:50.439 | INFO     | myoconverter.optimization.model_states.OsimMuscleStates:getMomentArms:168 - Muscle: edl_l
2025-10-16 14:43:51.775 | INFO     | myoconverter.optimization.model_states.OsimMuscleStates:getMomentArms:168 - Muscle: ehl_l
2025-10-16 14:43:53.110 | INFO     | myoconverter.optimization.model_states.OsimMuscleStates:getMomentArms:168 - Muscle: fdl_l
2025-10-16 14:43:54.499 | INFO     | myoconverter.optimization.model_states.OsimMuscleStates:getMomentArms:168 - Muscle: fhl_l
2025-10-16 14:43:56.267 | INFO     | myoconverter.optimization.model_states.OsimMuscleStates:getMomentArms:168 - Muscle: gaslat_l
2025-10-16 14:44:04.333 | INFO     | myoconverter.optimization.model_states.OsimMuscleStates:getMomentArms:168 - Muscle: gasmed_l
2025-10-16 14:44:12.419 | INFO     | myoconverter.optimization.model_states.OsimMuscleStates:getMomentArms:168 - Muscle: glmax1_l
2025-10-16 14:44:19.782 | INFO     | myoconverter.optimization.model_states.OsimMuscleStates:getMomentArms:168 - Muscle: glmax2_l
2025-10-16 14:44:27.163 | INFO     | myoconverter.optimization.model_states.OsimMuscleStates:getMomentArms:168 - Muscle: glmax3_l
2025-10-16 14:44:34.561 | INFO     | myoconverter.optimization.model_states.OsimMuscleStates:getMomentArms:168 - Muscle: glmed1_l
2025-10-16 14:44:41.947 | INFO     | myoconverter.optimization.model_states.OsimMuscleStates:getMomentArms:168 - Muscle: glmed2_l
2025-10-16 14:44:49.334 | INFO     | myoconverter.optimization.model_states.OsimMuscleStates:getMomentArms:168 - Muscle: glmed3_l
2025-10-16 14:44:56.738 | INFO     | myoconverter.optimization.model_states.OsimMuscleStates:getMomentArms:168 - Muscle: glmin1_l
2025-10-16 14:45:04.096 | INFO     | myoconverter.optimization.model_states.OsimMuscleStates:getMomentArms:168 - Muscle: glmin2_l
2025-10-16 14:45:11.475 | INFO     | myoconverter.optimization.model_states.OsimMuscleStates:getMomentArms:168 - Muscle: glmin3_l
2025-10-16 14:45:18.860 | INFO     | myoconverter.optimization.model_states.OsimMuscleStates:getMomentArms:168 - Muscle: grac_l
2025-10-16 14:45:38.260 | INFO     | myoconverter.optimization.model_states.OsimMuscleStates:getMomentArms:168 - Muscle: iliacus_l
2025-10-16 14:45:45.622 | INFO     | myoconverter.optimization.model_states.OsimMuscleStates:getMomentArms:168 - Muscle: perbrev_l
2025-10-16 14:45:47.398 | INFO     | myoconverter.optimization.model_states.OsimMuscleStates:getMomentArms:168 - Muscle: perlong_l
2025-10-16 14:45:49.183 | INFO     | myoconverter.optimization.model_states.OsimMuscleStates:getMomentArms:168 - Muscle: piri_l
2025-10-16 14:45:56.560 | INFO     | myoconverter.optimization.model_states.OsimMuscleStates:getMomentArms:168 - Muscle: psoas_l
2025-10-16 14:46:03.956 | INFO     | myoconverter.optimization.model_states.OsimMuscleStates:getMomentArms:168 - Muscle: recfem_l
2025-10-16 14:46:23.363 | INFO     | myoconverter.optimization.model_states.OsimMuscleStates:getMomentArms:168 - Muscle: sart_l
2025-10-16 14:46:30.944 | INFO     | myoconverter.optimization.model_states.OsimMuscleStates:getMomentArms:168 - Muscle: semimem_l
2025-10-16 14:46:50.312 | INFO     | myoconverter.optimization.model_states.OsimMuscleStates:getMomentArms:168 - Muscle: semiten_l
2025-10-16 14:47:09.788 | INFO     | myoconverter.optimization.model_states.OsimMuscleStates:getMomentArms:168 - Muscle: soleus_l
2025-10-16 14:47:11.560 | INFO     | myoconverter.optimization.model_states.OsimMuscleStates:getMomentArms:168 - Muscle: tfl_l
2025-10-16 14:47:19.152 | INFO     | myoconverter.optimization.model_states.OsimMuscleStates:getMomentArms:168 - Muscle: tibant_l
2025-10-16 14:47:20.922 | INFO     | myoconverter.optimization.model_states.OsimMuscleStates:getMomentArms:168 - Muscle: tibpost_l
2025-10-16 14:47:22.715 | INFO     | myoconverter.optimization.model_states.OsimMuscleStates:getMomentArms:168 - Muscle: vasint_l
2025-10-16 14:47:22.917 | INFO     | myoconverter.optimization.model_states.OsimMuscleStates:getMomentArms:168 - Muscle: vaslat_l
2025-10-16 14:47:23.117 | INFO     | myoconverter.optimization.model_states.OsimMuscleStates:getMomentArms:168 - Muscle: vasmed_l
2025-10-16 14:47:23.327 | INFO     | myoconverter.conversion_steps.O2MStep2:__init__:173 - Finished cvt2 initialize
2025-10-16 14:47:23.327 | INFO     | myoconverter.conversion_steps.O2MSteps:PipelineExecution:198 - Started step 2 conversion - cvt2.
2025-10-16 14:47:23.327 | INFO     | myoconverter.conversion_steps.O2MStep2:optMomentArms:191 - Running MA optimization with the given muscle list one by one
2025-10-16 14:47:23.327 | INFO     | myoconverter.conversion_steps.O2MStep2:optMomentArms:195 - Muscle : addbrev_r 
2025-10-16 14:47:23.345 | INFO     | myoconverter.conversion_steps.O2MStep2:optMomentArms:208 -     At joints: hip_adduction_r
2025-10-16 14:47:23.402 | INFO     | myoconverter.conversion_steps.O2MStep2:optMomentArms:227 -     Start MA optimization
